<?xml version="1.0" encoding="UTF-8"?>
<testsuite xmlns:xsi="http://www.w3.org/2001/XMLSchema-instance" xsi:noNamespaceSchemaLocation="https://maven.apache.org/surefire/maven-surefire-plugin/xsd/surefire-test-report.xsd" version="3.0.2" name="io.github.xavierb117.centroidfinder.DistanceImageBinarizerTest" time="0.014" tests="11" errors="0" skipped="0" failures="0">
  <properties>
    <property name="java.specification.version" value="23"/>
    <property name="sun.cpu.isalist" value="amd64"/>
    <property name="sun.jnu.encoding" value="Cp1252"/>
    <property name="java.class.path" value="C:\Users\toast\SDEV334\centroid-finder\target\test-classes;C:\Users\toast\SDEV334\centroid-finder\target\classes;C:\Users\toast\.m2\repository\org\junit\jupiter\junit-jupiter\5.10.0\junit-jupiter-5.10.0.jar;C:\Users\toast\.m2\repository\org\junit\jupiter\junit-jupiter-api\5.10.0\junit-jupiter-api-5.10.0.jar;C:\Users\toast\.m2\repository\org\opentest4j\opentest4j\1.3.0\opentest4j-1.3.0.jar;C:\Users\toast\.m2\repository\org\junit\platform\junit-platform-commons\1.10.0\junit-platform-commons-1.10.0.jar;C:\Users\toast\.m2\repository\org\apiguardian\apiguardian-api\1.1.2\apiguardian-api-1.1.2.jar;C:\Users\toast\.m2\repository\org\junit\jupiter\junit-jupiter-params\5.10.0\junit-jupiter-params-5.10.0.jar;C:\Users\toast\.m2\repository\org\junit\jupiter\junit-jupiter-engine\5.10.0\junit-jupiter-engine-5.10.0.jar;C:\Users\toast\.m2\repository\org\junit\platform\junit-platform-engine\1.10.0\junit-platform-engine-1.10.0.jar;"/>
    <property name="java.vm.vendor" value="Oracle Corporation"/>
    <property name="sun.arch.data.model" value="64"/>
    <property name="user.variant" value=""/>
    <property name="java.vendor.url" value="https://java.oracle.com/"/>
    <property name="user.timezone" value="America/Los_Angeles"/>
    <property name="os.name" value="Windows 11"/>
    <property name="java.vm.specification.version" value="23"/>
    <property name="sun.java.launcher" value="SUN_STANDARD"/>
    <property name="user.country" value="US"/>
    <property name="sun.boot.library.path" value="C:\Program Files\Java\jdk-23\bin"/>
    <property name="sun.java.command" value="C:\Users\toast\AppData\Local\Temp\surefire15304801468517530835\surefirebooter-20251022214452551_3.jar C:\Users\toast\AppData\Local\Temp\surefire15304801468517530835 2025-10-22T21-44-52_447-jvmRun1 surefire-20251022214452551_1tmp surefire_0-20251022214452551_2tmp"/>
    <property name="jdk.debug" value="release"/>
    <property name="surefire.test.class.path" value="C:\Users\toast\SDEV334\centroid-finder\target\test-classes;C:\Users\toast\SDEV334\centroid-finder\target\classes;C:\Users\toast\.m2\repository\org\junit\jupiter\junit-jupiter\5.10.0\junit-jupiter-5.10.0.jar;C:\Users\toast\.m2\repository\org\junit\jupiter\junit-jupiter-api\5.10.0\junit-jupiter-api-5.10.0.jar;C:\Users\toast\.m2\repository\org\opentest4j\opentest4j\1.3.0\opentest4j-1.3.0.jar;C:\Users\toast\.m2\repository\org\junit\platform\junit-platform-commons\1.10.0\junit-platform-commons-1.10.0.jar;C:\Users\toast\.m2\repository\org\apiguardian\apiguardian-api\1.1.2\apiguardian-api-1.1.2.jar;C:\Users\toast\.m2\repository\org\junit\jupiter\junit-jupiter-params\5.10.0\junit-jupiter-params-5.10.0.jar;C:\Users\toast\.m2\repository\org\junit\jupiter\junit-jupiter-engine\5.10.0\junit-jupiter-engine-5.10.0.jar;C:\Users\toast\.m2\repository\org\junit\platform\junit-platform-engine\1.10.0\junit-platform-engine-1.10.0.jar;"/>
    <property name="sun.cpu.endian" value="little"/>
    <property name="user.home" value="C:\Users\toast"/>
    <property name="user.language" value="en"/>
    <property name="java.specification.vendor" value="Oracle Corporation"/>
    <property name="java.version.date" value="2024-10-15"/>
    <property name="java.home" value="C:\Program Files\Java\jdk-23"/>
    <property name="file.separator" value="\"/>
    <property name="basedir" value="C:\Users\toast\SDEV334\centroid-finder"/>
    <property name="java.vm.compressedOopsMode" value="Zero based"/>
    <property name="line.separator" value="&#10;"/>
    <property name="java.vm.specification.vendor" value="Oracle Corporation"/>
    <property name="java.specification.name" value="Java Platform API Specification"/>
    <property name="surefire.real.class.path" value="C:\Users\toast\AppData\Local\Temp\surefire15304801468517530835\surefirebooter-20251022214452551_3.jar"/>
    <property name="user.script" value=""/>
    <property name="sun.management.compiler" value="HotSpot 64-Bit Tiered Compilers"/>
    <property name="java.runtime.version" value="23.0.1+11-39"/>
    <property name="user.name" value="toast"/>
    <property name="stdout.encoding" value="Cp1252"/>
    <property name="path.separator" value=";"/>
    <property name="os.version" value="10.0"/>
    <property name="java.runtime.name" value="Java(TM) SE Runtime Environment"/>
    <property name="file.encoding" value="UTF-8"/>
    <property name="java.vm.name" value="Java HotSpot(TM) 64-Bit Server VM"/>
    <property name="localRepository" value="C:\Users\toast\.m2\repository"/>
    <property name="java.vendor.url.bug" value="https://bugreport.java.com/bugreport/"/>
    <property name="java.io.tmpdir" value="C:\Users\toast\AppData\Local\Temp\"/>
    <property name="java.version" value="23.0.1"/>
    <property name="user.dir" value="C:\Users\toast\SDEV334\centroid-finder"/>
    <property name="os.arch" value="amd64"/>
    <property name="java.vm.specification.name" value="Java Virtual Machine Specification"/>
    <property name="sun.os.patch.level" value=""/>
    <property name="native.encoding" value="Cp1252"/>
    <property name="java.library.path" value="C:\Program Files\Java\jdk-23\bin;C:\WINDOWS\Sun\Java\bin;C:\WINDOWS\system32;C:\WINDOWS;C:\Users\toast\bin;C:\Users\toast\bin;C:\Program Files\Git\mingw64\bin;C:\Program Files\Git\usr\local\bin;C:\Program Files\Git\usr\bin;C:\Program Files\Git\usr\bin;C:\Program Files\Git\mingw64\bin;C:\Program Files\Git\usr\bin;C:\Users\toast\bin;C:\Program Files\Common Files\Oracle\Java\javapath;C:\WINDOWS\system32;C:\WINDOWS;C:\WINDOWS\System32\Wbem;C:\WINDOWS\System32\WindowsPowerShell\v1.0;C:\WINDOWS\System32\OpenSSH;C:\Program Files\Microsoft SQL Server\150\Tools\Binn;C:\Program Files\Microsoft SQL Server\Client SDK\ODBC\170\Tools\Binn;C:\Program Files\dotnet;C:\Program Files (x86)\NVIDIA Corporation\PhysX\Common;C:\Program Files\NVIDIA Corporation\NVIDIA app\NvDLISR;C:\Program Files\Java\jdk-23\bin;C:\Program Files\nodejs;C:\Program Files\Git\cmd;C:\Users\toast\OneDrive\Desktop\lua\lua-5.4.2_Win32_bin;C:\Program Files\playit_gg\bin;C:\Users\toast\AppData\Local\Packages\PythonSoftwareFoundation.Python.3.12_qbz5n2kfra8p0\LocalCache\local-packages\Python312\Scripts;C:\Users\toast\AppData\Local\Programs\Swift;C:\Users\toast\gleam\gleam-v1.10.0-x86_64-pc-windows-msvc;C:\Program Files\Erlang OTP\bin;C:\Users\toast\SDEV334\apache-maven-3.9.11-bin\apache-maven-3.9.11\bin;C:\Users\toast\AppData\Local\activestate\cache\bin;C:\Users\toast\AppData\Local\ActiveState\StateTool\release\bin;C:\Users\toast\AppData\Local\Microsoft\WindowsApps;C:\Users\toast\.dotnet\tools;C:\Users\toast\AppData\Local\Programs\Microsoft VS Code\bin;C:\Users\toast\AppData\Local\Microsoft\WinGet\Packages\Schniz.fnm_Microsoft.Winget.Source_8wekyb3d8bbwe;C:\Users\toast\AppData\Roaming\npm;C:\Program Files\Git\usr\bin\vendor_perl;C:\Program Files\Git\usr\bin\core_perl;."/>
    <property name="java.vm.info" value="mixed mode, sharing"/>
    <property name="stderr.encoding" value="Cp1252"/>
    <property name="java.vendor" value="Oracle Corporation"/>
    <property name="java.vm.version" value="23.0.1+11-39"/>
    <property name="sun.io.unicode.encoding" value="UnicodeLittle"/>
    <property name="java.class.version" value="67.0"/>
  </properties>
  <testcase name="toBinaryArray_ShouldHandleSmall2x2ImageCorrectly" classname="io.github.xavierb117.centroidfinder.DistanceImageBinarizerTest" time="0.002"/>
  <testcase name="toBinaryArray_ShouldReturnWhiteForExactTargetColor" classname="io.github.xavierb117.centroidfinder.DistanceImageBinarizerTest" time="0.002"/>
  <testcase name="toBinaryArray_ShouldReturnBlackForFarColor" classname="io.github.xavierb117.centroidfinder.DistanceImageBinarizerTest" time="0.0"/>
  <testcase name="toBinaryArray_ShouldReturnBlackWhenDistanceEqualsThreshold" classname="io.github.xavierb117.centroidfinder.DistanceImageBinarizerTest" time="0.0"/>
  <testcase name="toBinaryArray_and_toBufferedImage_ShouldRoundTripCorrectly" classname="io.github.xavierb117.centroidfinder.DistanceImageBinarizerTest" time="0.0"/>
  <testcase name="toBinaryArray_ShouldUseFakeDistanceFinderCorrectly" classname="io.github.xavierb117.centroidfinder.DistanceImageBinarizerTest" time="0.0"/>
  <testcase name="toBinaryArray_ShouldReturnBlackForFarColor_2" classname="io.github.xavierb117.centroidfinder.DistanceImageBinarizerTest" time="0.0"/>
  <testcase name="toBinaryArray_ShouldCallDistanceFinderWithCorrectValues" classname="io.github.xavierb117.centroidfinder.DistanceImageBinarizerTest" time="0.001"/>
  <testcase name="toBufferedImage_ShouldProduceSameDimensionsAsArray" classname="io.github.xavierb117.centroidfinder.DistanceImageBinarizerTest" time="0.001"/>
  <testcase name="toBinaryArray_ShouldReturnWhite" classname="io.github.xavierb117.centroidfinder.DistanceImageBinarizerTest" time="0.001"/>
  <testcase name="toBufferedImage_ShouldConvertBinaryToCorrectColors" classname="io.github.xavierb117.centroidfinder.DistanceImageBinarizerTest" time="0.001"/>
</testsuite>