<?xml version="1.0" encoding="UTF-8"?>
<testsuite xmlns:xsi="http://www.w3.org/2001/XMLSchema-instance" xsi:noNamespaceSchemaLocation="https://maven.apache.org/surefire/maven-surefire-plugin/xsd/surefire-test-report.xsd" version="3.0.2" name="io.github.xavierb117.centroidfinder.EuclideanColorDistanceTest" time="0.016" tests="10" errors="0" skipped="0" failures="0">
  <properties>
    <property name="java.specification.version" value="23"/>
    <property name="sun.cpu.isalist" value="amd64"/>
    <property name="sun.jnu.encoding" value="Cp1252"/>
    <property name="java.class.path" value="C:\Users\izeco\OneDrive\Desktop\SDEV 334\centroid-finder\centroid-finder\target\test-classes;C:\Users\izeco\OneDrive\Desktop\SDEV 334\centroid-finder\centroid-finder\target\classes;C:\Users\izeco\.m2\repository\org\junit\jupiter\junit-jupiter\5.10.0\junit-jupiter-5.10.0.jar;C:\Users\izeco\.m2\repository\org\junit\jupiter\junit-jupiter-api\5.10.0\junit-jupiter-api-5.10.0.jar;C:\Users\izeco\.m2\repository\org\opentest4j\opentest4j\1.3.0\opentest4j-1.3.0.jar;C:\Users\izeco\.m2\repository\org\junit\platform\junit-platform-commons\1.10.0\junit-platform-commons-1.10.0.jar;C:\Users\izeco\.m2\repository\org\apiguardian\apiguardian-api\1.1.2\apiguardian-api-1.1.2.jar;C:\Users\izeco\.m2\repository\org\junit\jupiter\junit-jupiter-params\5.10.0\junit-jupiter-params-5.10.0.jar;C:\Users\izeco\.m2\repository\org\junit\jupiter\junit-jupiter-engine\5.10.0\junit-jupiter-engine-5.10.0.jar;C:\Users\izeco\.m2\repository\org\junit\platform\junit-platform-engine\1.10.0\junit-platform-engine-1.10.0.jar;"/>
    <property name="java.vm.vendor" value="Oracle Corporation"/>
    <property name="sun.arch.data.model" value="64"/>
    <property name="user.variant" value=""/>
    <property name="java.vendor.url" value="https://java.oracle.com/"/>
    <property name="user.timezone" value="America/Los_Angeles"/>
    <property name="os.name" value="Windows 11"/>
    <property name="java.vm.specification.version" value="23"/>
    <property name="sun.java.launcher" value="SUN_STANDARD"/>
    <property name="user.country" value="US"/>
    <property name="sun.boot.library.path" value="C:\Program Files\Java\jdk-23\bin"/>
    <property name="sun.java.command" value="C:\Users\izeco\AppData\Local\Temp\surefire9754348272458010905\surefirebooter-20251023103419851_3.jar C:\Users\izeco\AppData\Local\Temp\surefire9754348272458010905 2025-10-23T10-34-19_675-jvmRun1 surefire-20251023103419851_1tmp surefire_0-20251023103419851_2tmp"/>
    <property name="jdk.debug" value="release"/>
    <property name="surefire.test.class.path" value="C:\Users\izeco\OneDrive\Desktop\SDEV 334\centroid-finder\centroid-finder\target\test-classes;C:\Users\izeco\OneDrive\Desktop\SDEV 334\centroid-finder\centroid-finder\target\classes;C:\Users\izeco\.m2\repository\org\junit\jupiter\junit-jupiter\5.10.0\junit-jupiter-5.10.0.jar;C:\Users\izeco\.m2\repository\org\junit\jupiter\junit-jupiter-api\5.10.0\junit-jupiter-api-5.10.0.jar;C:\Users\izeco\.m2\repository\org\opentest4j\opentest4j\1.3.0\opentest4j-1.3.0.jar;C:\Users\izeco\.m2\repository\org\junit\platform\junit-platform-commons\1.10.0\junit-platform-commons-1.10.0.jar;C:\Users\izeco\.m2\repository\org\apiguardian\apiguardian-api\1.1.2\apiguardian-api-1.1.2.jar;C:\Users\izeco\.m2\repository\org\junit\jupiter\junit-jupiter-params\5.10.0\junit-jupiter-params-5.10.0.jar;C:\Users\izeco\.m2\repository\org\junit\jupiter\junit-jupiter-engine\5.10.0\junit-jupiter-engine-5.10.0.jar;C:\Users\izeco\.m2\repository\org\junit\platform\junit-platform-engine\1.10.0\junit-platform-engine-1.10.0.jar;"/>
    <property name="sun.cpu.endian" value="little"/>
    <property name="user.home" value="C:\Users\izeco"/>
    <property name="user.language" value="en"/>
    <property name="java.specification.vendor" value="Oracle Corporation"/>
    <property name="java.version.date" value="2024-10-15"/>
    <property name="java.home" value="C:\Program Files\Java\jdk-23"/>
    <property name="file.separator" value="\"/>
    <property name="basedir" value="C:\Users\izeco\OneDrive\Desktop\SDEV 334\centroid-finder\centroid-finder"/>
    <property name="java.vm.compressedOopsMode" value="Zero based"/>
    <property name="line.separator" value="&#10;"/>
    <property name="java.vm.specification.vendor" value="Oracle Corporation"/>
    <property name="java.specification.name" value="Java Platform API Specification"/>
    <property name="surefire.real.class.path" value="C:\Users\izeco\AppData\Local\Temp\surefire9754348272458010905\surefirebooter-20251023103419851_3.jar"/>
    <property name="user.script" value=""/>
    <property name="sun.management.compiler" value="HotSpot 64-Bit Tiered Compilers"/>
    <property name="java.runtime.version" value="23.0.1+11-39"/>
    <property name="user.name" value="izeco"/>
    <property name="stdout.encoding" value="Cp1252"/>
    <property name="path.separator" value=";"/>
    <property name="os.version" value="10.0"/>
    <property name="java.runtime.name" value="Java(TM) SE Runtime Environment"/>
    <property name="file.encoding" value="UTF-8"/>
    <property name="java.vm.name" value="Java HotSpot(TM) 64-Bit Server VM"/>
    <property name="localRepository" value="C:\Users\izeco\.m2\repository"/>
    <property name="java.vendor.url.bug" value="https://bugreport.java.com/bugreport/"/>
    <property name="java.io.tmpdir" value="C:\Users\izeco\AppData\Local\Temp\"/>
    <property name="java.version" value="23.0.1"/>
    <property name="user.dir" value="C:\Users\izeco\OneDrive\Desktop\SDEV 334\centroid-finder\centroid-finder"/>
    <property name="os.arch" value="amd64"/>
    <property name="java.vm.specification.name" value="Java Virtual Machine Specification"/>
    <property name="sun.os.patch.level" value=""/>
    <property name="native.encoding" value="Cp1252"/>
    <property name="java.library.path" value="C:\Program Files\Java\jdk-23\bin;C:\WINDOWS\Sun\Java\bin;C:\WINDOWS\system32;C:\WINDOWS;C:\Users\izeco\bin;C:\Users\izeco\tools\jdk-24.0.1\bin;C:\Users\izeco\bin;C:\Program Files\Git\mingw64\bin;C:\Program Files\Git\usr\local\bin;C:\Program Files\Git\usr\bin;C:\Program Files\Git\usr\bin;C:\Program Files\Git\mingw64\bin;C:\Program Files\Git\usr\bin;C:\Users\izeco\bin;C:\Program Files\Common Files\Oracle\Java\javapath;C:\Windows\system32;C:\Windows;C:\Windows\System32\Wbem;C:\Windows\System32\WindowsPowerShell\v1.0;C:\Windows\System32\OpenSSH;C:\Program Files (x86)\NVIDIA Corporation\PhysX\Common;C:\Program Files\NVIDIA Corporation\NVIDIA NvDLISR;C:\WINDOWS\system32;C:\WINDOWS;C:\WINDOWS\System32\Wbem;C:\WINDOWS\System32\WindowsPowerShell\v1.0;C:\WINDOWS\System32\OpenSSH;C:\Program Files\nodejs;C:\Program Files\Git\cmd;C:\Program Files\Docker\Docker\resources\bin;C:\Program Files\dotnet;C:\Users\izeco\tools\jdk-24.0.1\bin;C:\Program Files\apache-maven-3.9.11\bin;C:\Users\izeco\AppData\Local\Microsoft\WindowsApps;C:\Users\izeco\AppData\Local\Programs\Microsoft VS Code\bin;C:\Users\izeco\AppData\Roaming\npm;C:\Users\izeco\.dotnet\tools;C:\Users\izeco\AppData\Local\GitHubDesktop\bin;C:\Users\izeco\tools\jdk-24.0.1\bin;C:\Users\izeco\tools\jdk-23\bin;C:\Program Files\apache-maven-3.9.11\bin;C:\Users\izeco\tools\jdk-23\bin;C:\Program Files\Java\jdk-23\bin;C:\Program Files\Java\jdk-23\bin;C:\Program Files\apache-maven-3.9.11\bin;C:\Users\izeco\tools\jdk-24.0.1\bin;C:\Users\izeco\AppData\Local\Microsoft\WindowsApps;C:\Users\izeco\AppData\Local\Programs\Microsoft VS Code\bin;C:\Users\izeco\AppData\Roaming\npm;C:\Users\izeco\.dotnet\tools;C:\Users\izeco\AppData\Local\GitHubDesktop\bin;C:\Users\izeco\AppData\Roaming\Code\User\globalStorage\github.copilot-chat\debugCommand;C:\Program Files\Git\usr\bin\vendor_perl;C:\Program Files\Git\usr\bin\core_perl;."/>
    <property name="java.vm.info" value="mixed mode, sharing"/>
    <property name="stderr.encoding" value="Cp1252"/>
    <property name="java.vendor" value="Oracle Corporation"/>
    <property name="java.vm.version" value="23.0.1+11-39"/>
    <property name="sun.io.unicode.encoding" value="UnicodeLittle"/>
    <property name="java.class.version" value="67.0"/>
  </properties>
  <testcase name="testSymmetry" classname="io.github.xavierb117.centroidfinder.EuclideanColorDistanceTest" time="0.001"/>
  <testcase name="testBlackAndWhite" classname="io.github.xavierb117.centroidfinder.EuclideanColorDistanceTest" time="0.0"/>
  <testcase name="testRedAndBlue" classname="io.github.xavierb117.centroidfinder.EuclideanColorDistanceTest" time="0.001"/>
  <testcase name="testGreenChannelDifferenceOnly" classname="io.github.xavierb117.centroidfinder.EuclideanColorDistanceTest" time="0.001"/>
  <testcase name="testBlueChannelDifferenceOnly" classname="io.github.xavierb117.centroidfinder.EuclideanColorDistanceTest" time="0.001"/>
  <testcase name="testRedAndGreen" classname="io.github.xavierb117.centroidfinder.EuclideanColorDistanceTest" time="0.001"/>
  <testcase name="testSameColor" classname="io.github.xavierb117.centroidfinder.EuclideanColorDistanceTest" time="0.001"/>
  <testcase name="testGreenAndBlue" classname="io.github.xavierb117.centroidfinder.EuclideanColorDistanceTest" time="0.001"/>
  <testcase name="testRedChannelDifferenceOnly" classname="io.github.xavierb117.centroidfinder.EuclideanColorDistanceTest" time="0.001"/>
  <testcase name="testArbitraryColorDistance" classname="io.github.xavierb117.centroidfinder.EuclideanColorDistanceTest" time="0.0"/>
</testsuite>