<?xml version="1.0" encoding="UTF-8"?>
<testsuite xmlns:xsi="http://www.w3.org/2001/XMLSchema-instance" xsi:noNamespaceSchemaLocation="https://maven.apache.org/surefire/maven-surefire-plugin/xsd/surefire-test-report.xsd" version="3.0.2" name="io.github.xavierb117.centroidfinder.FrameGrabberTest" time="1.738" tests="4" errors="0" skipped="0" failures="0">
  <properties>
    <property name="java.specification.version" value="23"/>
    <property name="sun.cpu.isalist" value="amd64"/>
    <property name="sun.jnu.encoding" value="Cp1252"/>
    <property name="java.class.path" value="C:\Users\izeco\OneDrive\Desktop\SDEV 334\centroid-finder\centroid-finder\target\test-classes;C:\Users\izeco\OneDrive\Desktop\SDEV 334\centroid-finder\centroid-finder\target\classes;C:\Users\izeco\.m2\repository\org\bytedeco\javacv-platform\1.5.12\javacv-platform-1.5.12.jar;C:\Users\izeco\.m2\repository\org\bytedeco\javacv\1.5.12\javacv-1.5.12.jar;C:\Users\izeco\.m2\repository\org\bytedeco\javacpp\1.5.12\javacpp-1.5.12.jar;C:\Users\izeco\.m2\repository\org\bytedeco\openblas\0.3.30-1.5.12\openblas-0.3.30-1.5.12.jar;C:\Users\izeco\.m2\repository\org\bytedeco\opencv\4.11.0-1.5.12\opencv-4.11.0-1.5.12.jar;C:\Users\izeco\.m2\repository\org\bytedeco\ffmpeg\7.1.1-1.5.12\ffmpeg-7.1.1-1.5.12.jar;C:\Users\izeco\.m2\repository\org\bytedeco\flycapture\2.13.3.31-1.5.9\flycapture-2.13.3.31-1.5.9.jar;C:\Users\izeco\.m2\repository\org\bytedeco\libdc1394\2.2.6-1.5.9\libdc1394-2.2.6-1.5.9.jar;C:\Users\izeco\.m2\repository\org\bytedeco\libfreenect\0.5.7-1.5.9\libfreenect-0.5.7-1.5.9.jar;C:\Users\izeco\.m2\repository\org\bytedeco\libfreenect2\0.2.0-1.5.9\libfreenect2-0.2.0-1.5.9.jar;C:\Users\izeco\.m2\repository\org\bytedeco\librealsense\1.12.4-1.5.9\librealsense-1.12.4-1.5.9.jar;C:\Users\izeco\.m2\repository\org\bytedeco\librealsense2\2.53.1-1.5.9\librealsense2-2.53.1-1.5.9.jar;C:\Users\izeco\.m2\repository\org\bytedeco\videoinput\0.200-1.5.9\videoinput-0.200-1.5.9.jar;C:\Users\izeco\.m2\repository\org\bytedeco\artoolkitplus\2.3.1-1.5.9\artoolkitplus-2.3.1-1.5.9.jar;C:\Users\izeco\.m2\repository\org\bytedeco\leptonica\1.85.0-1.5.12\leptonica-1.85.0-1.5.12.jar;C:\Users\izeco\.m2\repository\org\bytedeco\tesseract\5.5.1-1.5.12\tesseract-5.5.1-1.5.12.jar;C:\Users\izeco\.m2\repository\org\bytedeco\javacpp-platform\1.5.12\javacpp-platform-1.5.12.jar;C:\Users\izeco\.m2\repository\org\bytedeco\javacpp\1.5.12\javacpp-1.5.12-android-arm64.jar;C:\Users\izeco\.m2\repository\org\bytedeco\javacpp\1.5.12\javacpp-1.5.12-android-x86_64.jar;C:\Users\izeco\.m2\repository\org\bytedeco\javacpp\1.5.12\javacpp-1.5.12-ios-arm64.jar;C:\Users\izeco\.m2\repository\org\bytedeco\javacpp\1.5.12\javacpp-1.5.12-ios-x86_64.jar;C:\Users\izeco\.m2\repository\org\bytedeco\javacpp\1.5.12\javacpp-1.5.12-linux-arm64.jar;C:\Users\izeco\.m2\repository\org\bytedeco\javacpp\1.5.12\javacpp-1.5.12-linux-ppc64le.jar;C:\Users\izeco\.m2\repository\org\bytedeco\javacpp\1.5.12\javacpp-1.5.12-linux-riscv64.jar;C:\Users\izeco\.m2\repository\org\bytedeco\javacpp\1.5.12\javacpp-1.5.12-linux-x86_64.jar;C:\Users\izeco\.m2\repository\org\bytedeco\javacpp\1.5.12\javacpp-1.5.12-macosx-arm64.jar;C:\Users\izeco\.m2\repository\org\bytedeco\javacpp\1.5.12\javacpp-1.5.12-macosx-x86_64.jar;C:\Users\izeco\.m2\repository\org\bytedeco\javacpp\1.5.12\javacpp-1.5.12-windows-x86_64.jar;C:\Users\izeco\.m2\repository\org\bytedeco\openblas-platform\0.3.30-1.5.12\openblas-platform-0.3.30-1.5.12.jar;C:\Users\izeco\.m2\repository\org\bytedeco\openblas\0.3.30-1.5.12\openblas-0.3.30-1.5.12-android-arm64.jar;C:\Users\izeco\.m2\repository\org\bytedeco\openblas\0.3.30-1.5.12\openblas-0.3.30-1.5.12-android-x86_64.jar;C:\Users\izeco\.m2\repository\org\bytedeco\openblas\0.3.30-1.5.12\openblas-0.3.30-1.5.12-ios-arm64.jar;C:\Users\izeco\.m2\repository\org\bytedeco\openblas\0.3.30-1.5.12\openblas-0.3.30-1.5.12-ios-x86_64.jar;C:\Users\izeco\.m2\repository\org\bytedeco\openblas\0.3.30-1.5.12\openblas-0.3.30-1.5.12-linux-x86_64.jar;C:\Users\izeco\.m2\repository\org\bytedeco\openblas\0.3.30-1.5.12\openblas-0.3.30-1.5.12-linux-arm64.jar;C:\Users\izeco\.m2\repository\org\bytedeco\openblas\0.3.30-1.5.12\openblas-0.3.30-1.5.12-macosx-arm64.jar;C:\Users\izeco\.m2\repository\org\bytedeco\openblas\0.3.30-1.5.12\openblas-0.3.30-1.5.12-macosx-x86_64.jar;C:\Users\izeco\.m2\repository\org\bytedeco\openblas\0.3.30-1.5.12\openblas-0.3.30-1.5.12-windows-x86_64.jar;C:\Users\izeco\.m2\repository\org\bytedeco\opencv-platform\4.11.0-1.5.12\opencv-platform-4.11.0-1.5.12.jar;C:\Users\izeco\.m2\repository\org\bytedeco\opencv\4.11.0-1.5.12\opencv-4.11.0-1.5.12-android-arm64.jar;C:\Users\izeco\.m2\repository\org\bytedeco\opencv\4.11.0-1.5.12\opencv-4.11.0-1.5.12-android-x86_64.jar;C:\Users\izeco\.m2\repository\org\bytedeco\opencv\4.11.0-1.5.12\opencv-4.11.0-1.5.12-ios-arm64.jar;C:\Users\izeco\.m2\repository\org\bytedeco\opencv\4.11.0-1.5.12\opencv-4.11.0-1.5.12-ios-x86_64.jar;C:\Users\izeco\.m2\repository\org\bytedeco\opencv\4.11.0-1.5.12\opencv-4.11.0-1.5.12-linux-x86_64.jar;C:\Users\izeco\.m2\repository\org\bytedeco\opencv\4.11.0-1.5.12\opencv-4.11.0-1.5.12-linux-arm64.jar;C:\Users\izeco\.m2\repository\org\bytedeco\opencv\4.11.0-1.5.12\opencv-4.11.0-1.5.12-macosx-arm64.jar;C:\Users\izeco\.m2\repository\org\bytedeco\opencv\4.11.0-1.5.12\opencv-4.11.0-1.5.12-macosx-x86_64.jar;C:\Users\izeco\.m2\repository\org\bytedeco\opencv\4.11.0-1.5.12\opencv-4.11.0-1.5.12-windows-x86_64.jar;C:\Users\izeco\.m2\repository\org\bytedeco\ffmpeg-platform\7.1.1-1.5.12\ffmpeg-platform-7.1.1-1.5.12.jar;C:\Users\izeco\.m2\repository\org\bytedeco\ffmpeg\7.1.1-1.5.12\ffmpeg-7.1.1-1.5.12-android-arm64.jar;C:\Users\izeco\.m2\repository\org\bytedeco\ffmpeg\7.1.1-1.5.12\ffmpeg-7.1.1-1.5.12-android-x86_64.jar;C:\Users\izeco\.m2\repository\org\bytedeco\ffmpeg\7.1.1-1.5.12\ffmpeg-7.1.1-1.5.12-linux-x86_64.jar;C:\Users\izeco\.m2\repository\org\bytedeco\ffmpeg\7.1.1-1.5.12\ffmpeg-7.1.1-1.5.12-linux-arm64.jar;C:\Users\izeco\.m2\repository\org\bytedeco\ffmpeg\7.1.1-1.5.12\ffmpeg-7.1.1-1.5.12-macosx-arm64.jar;C:\Users\izeco\.m2\repository\org\bytedeco\ffmpeg\7.1.1-1.5.12\ffmpeg-7.1.1-1.5.12-macosx-x86_64.jar;C:\Users\izeco\.m2\repository\org\bytedeco\ffmpeg\7.1.1-1.5.12\ffmpeg-7.1.1-1.5.12-windows-x86_64.jar;C:\Users\izeco\.m2\repository\org\bytedeco\flycapture-platform\2.13.3.31-1.5.9\flycapture-platform-2.13.3.31-1.5.9.jar;C:\Users\izeco\.m2\repository\org\bytedeco\flycapture\2.13.3.31-1.5.9\flycapture-2.13.3.31-1.5.9-linux-x86.jar;C:\Users\izeco\.m2\repository\org\bytedeco\flycapture\2.13.3.31-1.5.9\flycapture-2.13.3.31-1.5.9-linux-x86_64.jar;C:\Users\izeco\.m2\repository\org\bytedeco\flycapture\2.13.3.31-1.5.9\flycapture-2.13.3.31-1.5.9-linux-armhf.jar;C:\Users\izeco\.m2\repository\org\bytedeco\flycapture\2.13.3.31-1.5.9\flycapture-2.13.3.31-1.5.9-linux-arm64.jar;C:\Users\izeco\.m2\repository\org\bytedeco\flycapture\2.13.3.31-1.5.9\flycapture-2.13.3.31-1.5.9-windows-x86.jar;C:\Users\izeco\.m2\repository\org\bytedeco\flycapture\2.13.3.31-1.5.9\flycapture-2.13.3.31-1.5.9-windows-x86_64.jar;C:\Users\izeco\.m2\repository\org\bytedeco\libdc1394-platform\2.2.6-1.5.9\libdc1394-platform-2.2.6-1.5.9.jar;C:\Users\izeco\.m2\repository\org\bytedeco\libdc1394\2.2.6-1.5.9\libdc1394-2.2.6-1.5.9-linux-x86.jar;C:\Users\izeco\.m2\repository\org\bytedeco\libdc1394\2.2.6-1.5.9\libdc1394-2.2.6-1.5.9-linux-x86_64.jar;C:\Users\izeco\.m2\repository\org\bytedeco\libdc1394\2.2.6-1.5.9\libdc1394-2.2.6-1.5.9-linux-armhf.jar;C:\Users\izeco\.m2\repository\org\bytedeco\libdc1394\2.2.6-1.5.9\libdc1394-2.2.6-1.5.9-linux-arm64.jar;C:\Users\izeco\.m2\repository\org\bytedeco\libdc1394\2.2.6-1.5.9\libdc1394-2.2.6-1.5.9-linux-ppc64le.jar;C:\Users\izeco\.m2\repository\org\bytedeco\libdc1394\2.2.6-1.5.9\libdc1394-2.2.6-1.5.9-macosx-x86_64.jar;C:\Users\izeco\.m2\repository\org\bytedeco\libdc1394\2.2.6-1.5.9\libdc1394-2.2.6-1.5.9-windows-x86.jar;C:\Users\izeco\.m2\repository\org\bytedeco\libdc1394\2.2.6-1.5.9\libdc1394-2.2.6-1.5.9-windows-x86_64.jar;C:\Users\izeco\.m2\repository\org\bytedeco\libfreenect-platform\0.5.7-1.5.9\libfreenect-platform-0.5.7-1.5.9.jar;C:\Users\izeco\.m2\repository\org\bytedeco\libfreenect\0.5.7-1.5.9\libfreenect-0.5.7-1.5.9-linux-x86.jar;C:\Users\izeco\.m2\repository\org\bytedeco\libfreenect\0.5.7-1.5.9\libfreenect-0.5.7-1.5.9-linux-x86_64.jar;C:\Users\izeco\.m2\repository\org\bytedeco\libfreenect\0.5.7-1.5.9\libfreenect-0.5.7-1.5.9-linux-armhf.jar;C:\Users\izeco\.m2\repository\org\bytedeco\libfreenect\0.5.7-1.5.9\libfreenect-0.5.7-1.5.9-linux-arm64.jar;C:\Users\izeco\.m2\repository\org\bytedeco\libfreenect\0.5.7-1.5.9\libfreenect-0.5.7-1.5.9-linux-ppc64le.jar;C:\Users\izeco\.m2\repository\org\bytedeco\libfreenect\0.5.7-1.5.9\libfreenect-0.5.7-1.5.9-macosx-x86_64.jar;C:\Users\izeco\.m2\repository\org\bytedeco\libfreenect\0.5.7-1.5.9\libfreenect-0.5.7-1.5.9-windows-x86.jar;C:\Users\izeco\.m2\repository\org\bytedeco\libfreenect\0.5.7-1.5.9\libfreenect-0.5.7-1.5.9-windows-x86_64.jar;C:\Users\izeco\.m2\repository\org\bytedeco\libfreenect2-platform\0.2.0-1.5.9\libfreenect2-platform-0.2.0-1.5.9.jar;C:\Users\izeco\.m2\repository\org\bytedeco\libfreenect2\0.2.0-1.5.9\libfreenect2-0.2.0-1.5.9-linux-x86.jar;C:\Users\izeco\.m2\repository\org\bytedeco\libfreenect2\0.2.0-1.5.9\libfreenect2-0.2.0-1.5.9-linux-x86_64.jar;C:\Users\izeco\.m2\repository\org\bytedeco\libfreenect2\0.2.0-1.5.9\libfreenect2-0.2.0-1.5.9-macosx-x86_64.jar;C:\Users\izeco\.m2\repository\org\bytedeco\libfreenect2\0.2.0-1.5.9\libfreenect2-0.2.0-1.5.9-windows-x86_64.jar;C:\Users\izeco\.m2\repository\org\bytedeco\librealsense-platform\1.12.4-1.5.9\librealsense-platform-1.12.4-1.5.9.jar;C:\Users\izeco\.m2\repository\org\bytedeco\librealsense\1.12.4-1.5.9\librealsense-1.12.4-1.5.9-linux-armhf.jar;C:\Users\izeco\.m2\repository\org\bytedeco\librealsense\1.12.4-1.5.9\librealsense-1.12.4-1.5.9-linux-arm64.jar;C:\Users\izeco\.m2\repository\org\bytedeco\librealsense\1.12.4-1.5.9\librealsense-1.12.4-1.5.9-linux-x86.jar;C:\Users\izeco\.m2\repository\org\bytedeco\librealsense\1.12.4-1.5.9\librealsense-1.12.4-1.5.9-linux-x86_64.jar;C:\Users\izeco\.m2\repository\org\bytedeco\librealsense\1.12.4-1.5.9\librealsense-1.12.4-1.5.9-macosx-x86_64.jar;C:\Users\izeco\.m2\repository\org\bytedeco\librealsense\1.12.4-1.5.9\librealsense-1.12.4-1.5.9-windows-x86.jar;C:\Users\izeco\.m2\repository\org\bytedeco\librealsense\1.12.4-1.5.9\librealsense-1.12.4-1.5.9-windows-x86_64.jar;C:\Users\izeco\.m2\repository\org\bytedeco\librealsense2-platform\2.53.1-1.5.9\librealsense2-platform-2.53.1-1.5.9.jar;C:\Users\izeco\.m2\repository\org\bytedeco\librealsense2\2.53.1-1.5.9\librealsense2-2.53.1-1.5.9-linux-armhf.jar;C:\Users\izeco\.m2\repository\org\bytedeco\librealsense2\2.53.1-1.5.9\librealsense2-2.53.1-1.5.9-linux-arm64.jar;C:\Users\izeco\.m2\repository\org\bytedeco\librealsense2\2.53.1-1.5.9\librealsense2-2.53.1-1.5.9-linux-x86.jar;C:\Users\izeco\.m2\repository\org\bytedeco\librealsense2\2.53.1-1.5.9\librealsense2-2.53.1-1.5.9-linux-x86_64.jar;C:\Users\izeco\.m2\repository\org\bytedeco\librealsense2\2.53.1-1.5.9\librealsense2-2.53.1-1.5.9-macosx-x86_64.jar;C:\Users\izeco\.m2\repository\org\bytedeco\librealsense2\2.53.1-1.5.9\librealsense2-2.53.1-1.5.9-windows-x86.jar;C:\Users\izeco\.m2\repository\org\bytedeco\librealsense2\2.53.1-1.5.9\librealsense2-2.53.1-1.5.9-windows-x86_64.jar;C:\Users\izeco\.m2\repository\org\bytedeco\videoinput-platform\0.200-1.5.9\videoinput-platform-0.200-1.5.9.jar;C:\Users\izeco\.m2\repository\org\bytedeco\videoinput\0.200-1.5.9\videoinput-0.200-1.5.9-windows-x86.jar;C:\Users\izeco\.m2\repository\org\bytedeco\videoinput\0.200-1.5.9\videoinput-0.200-1.5.9-windows-x86_64.jar;C:\Users\izeco\.m2\repository\org\bytedeco\artoolkitplus-platform\2.3.1-1.5.9\artoolkitplus-platform-2.3.1-1.5.9.jar;C:\Users\izeco\.m2\repository\org\bytedeco\artoolkitplus\2.3.1-1.5.9\artoolkitplus-2.3.1-1.5.9-android-arm.jar;C:\Users\izeco\.m2\repository\org\bytedeco\artoolkitplus\2.3.1-1.5.9\artoolkitplus-2.3.1-1.5.9-android-arm64.jar;C:\Users\izeco\.m2\repository\org\bytedeco\artoolkitplus\2.3.1-1.5.9\artoolkitplus-2.3.1-1.5.9-android-x86.jar;C:\Users\izeco\.m2\repository\org\bytedeco\artoolkitplus\2.3.1-1.5.9\artoolkitplus-2.3.1-1.5.9-android-x86_64.jar;C:\Users\izeco\.m2\repository\org\bytedeco\artoolkitplus\2.3.1-1.5.9\artoolkitplus-2.3.1-1.5.9-linux-x86.jar;C:\Users\izeco\.m2\repository\org\bytedeco\artoolkitplus\2.3.1-1.5.9\artoolkitplus-2.3.1-1.5.9-linux-x86_64.jar;C:\Users\izeco\.m2\repository\org\bytedeco\artoolkitplus\2.3.1-1.5.9\artoolkitplus-2.3.1-1.5.9-linux-armhf.jar;C:\Users\izeco\.m2\repository\org\bytedeco\artoolkitplus\2.3.1-1.5.9\artoolkitplus-2.3.1-1.5.9-linux-arm64.jar;C:\Users\izeco\.m2\repository\org\bytedeco\artoolkitplus\2.3.1-1.5.9\artoolkitplus-2.3.1-1.5.9-linux-ppc64le.jar;C:\Users\izeco\.m2\repository\org\bytedeco\artoolkitplus\2.3.1-1.5.9\artoolkitplus-2.3.1-1.5.9-macosx-x86_64.jar;C:\Users\izeco\.m2\repository\org\bytedeco\artoolkitplus\2.3.1-1.5.9\artoolkitplus-2.3.1-1.5.9-windows-x86.jar;C:\Users\izeco\.m2\repository\org\bytedeco\artoolkitplus\2.3.1-1.5.9\artoolkitplus-2.3.1-1.5.9-windows-x86_64.jar;C:\Users\izeco\.m2\repository\org\bytedeco\leptonica-platform\1.85.0-1.5.12\leptonica-platform-1.85.0-1.5.12.jar;C:\Users\izeco\.m2\repository\org\bytedeco\leptonica\1.85.0-1.5.12\leptonica-1.85.0-1.5.12-android-arm64.jar;C:\Users\izeco\.m2\repository\org\bytedeco\leptonica\1.85.0-1.5.12\leptonica-1.85.0-1.5.12-android-x86_64.jar;C:\Users\izeco\.m2\repository\org\bytedeco\leptonica\1.85.0-1.5.12\leptonica-1.85.0-1.5.12-linux-x86_64.jar;C:\Users\izeco\.m2\repository\org\bytedeco\leptonica\1.85.0-1.5.12\leptonica-1.85.0-1.5.12-linux-arm64.jar;C:\Users\izeco\.m2\repository\org\bytedeco\leptonica\1.85.0-1.5.12\leptonica-1.85.0-1.5.12-macosx-arm64.jar;C:\Users\izeco\.m2\repository\org\bytedeco\leptonica\1.85.0-1.5.12\leptonica-1.85.0-1.5.12-macosx-x86_64.jar;C:\Users\izeco\.m2\repository\org\bytedeco\leptonica\1.85.0-1.5.12\leptonica-1.85.0-1.5.12-windows-x86_64.jar;C:\Users\izeco\.m2\repository\org\bytedeco\tesseract-platform\5.5.1-1.5.12\tesseract-platform-5.5.1-1.5.12.jar;C:\Users\izeco\.m2\repository\org\bytedeco\tesseract\5.5.1-1.5.12\tesseract-5.5.1-1.5.12-android-arm64.jar;C:\Users\izeco\.m2\repository\org\bytedeco\tesseract\5.5.1-1.5.12\tesseract-5.5.1-1.5.12-android-x86_64.jar;C:\Users\izeco\.m2\repository\org\bytedeco\tesseract\5.5.1-1.5.12\tesseract-5.5.1-1.5.12-linux-x86_64.jar;C:\Users\izeco\.m2\repository\org\bytedeco\tesseract\5.5.1-1.5.12\tesseract-5.5.1-1.5.12-linux-arm64.jar;C:\Users\izeco\.m2\repository\org\bytedeco\tesseract\5.5.1-1.5.12\tesseract-5.5.1-1.5.12-macosx-arm64.jar;C:\Users\izeco\.m2\repository\org\bytedeco\tesseract\5.5.1-1.5.12\tesseract-5.5.1-1.5.12-macosx-x86_64.jar;C:\Users\izeco\.m2\repository\org\bytedeco\tesseract\5.5.1-1.5.12\tesseract-5.5.1-1.5.12-windows-x86_64.jar;C:\Users\izeco\.m2\repository\org\junit\jupiter\junit-jupiter\5.10.0\junit-jupiter-5.10.0.jar;C:\Users\izeco\.m2\repository\org\junit\jupiter\junit-jupiter-api\5.10.0\junit-jupiter-api-5.10.0.jar;C:\Users\izeco\.m2\repository\org\opentest4j\opentest4j\1.3.0\opentest4j-1.3.0.jar;C:\Users\izeco\.m2\repository\org\junit\platform\junit-platform-commons\1.10.0\junit-platform-commons-1.10.0.jar;C:\Users\izeco\.m2\repository\org\apiguardian\apiguardian-api\1.1.2\apiguardian-api-1.1.2.jar;C:\Users\izeco\.m2\repository\org\junit\jupiter\junit-jupiter-params\5.10.0\junit-jupiter-params-5.10.0.jar;C:\Users\izeco\.m2\repository\org\junit\jupiter\junit-jupiter-engine\5.10.0\junit-jupiter-engine-5.10.0.jar;C:\Users\izeco\.m2\repository\org\junit\platform\junit-platform-engine\1.10.0\junit-platform-engine-1.10.0.jar;"/>
    <property name="java.vm.vendor" value="Oracle Corporation"/>
    <property name="sun.arch.data.model" value="64"/>
    <property name="user.variant" value=""/>
    <property name="java.vendor.url" value="https://java.oracle.com/"/>
    <property name="user.timezone" value="America/Los_Angeles"/>
    <property name="os.name" value="Windows 11"/>
    <property name="java.vm.specification.version" value="23"/>
    <property name="sun.java.launcher" value="SUN_STANDARD"/>
    <property name="user.country" value="US"/>
    <property name="sun.boot.library.path" value="C:\Program Files\Java\jdk-23\bin"/>
    <property name="sun.java.command" value="C:\Users\izeco\AppData\Local\Temp\surefire2868003443493959180\surefirebooter-20251030112729184_3.jar C:\Users\izeco\AppData\Local\Temp\surefire2868003443493959180 2025-10-30T11-27-28_972-jvmRun1 surefire-20251030112729184_1tmp surefire_0-20251030112729184_2tmp"/>
    <property name="jdk.debug" value="release"/>
    <property name="surefire.test.class.path" value="C:\Users\izeco\OneDrive\Desktop\SDEV 334\centroid-finder\centroid-finder\target\test-classes;C:\Users\izeco\OneDrive\Desktop\SDEV 334\centroid-finder\centroid-finder\target\classes;C:\Users\izeco\.m2\repository\org\bytedeco\javacv-platform\1.5.12\javacv-platform-1.5.12.jar;C:\Users\izeco\.m2\repository\org\bytedeco\javacv\1.5.12\javacv-1.5.12.jar;C:\Users\izeco\.m2\repository\org\bytedeco\javacpp\1.5.12\javacpp-1.5.12.jar;C:\Users\izeco\.m2\repository\org\bytedeco\openblas\0.3.30-1.5.12\openblas-0.3.30-1.5.12.jar;C:\Users\izeco\.m2\repository\org\bytedeco\opencv\4.11.0-1.5.12\opencv-4.11.0-1.5.12.jar;C:\Users\izeco\.m2\repository\org\bytedeco\ffmpeg\7.1.1-1.5.12\ffmpeg-7.1.1-1.5.12.jar;C:\Users\izeco\.m2\repository\org\bytedeco\flycapture\2.13.3.31-1.5.9\flycapture-2.13.3.31-1.5.9.jar;C:\Users\izeco\.m2\repository\org\bytedeco\libdc1394\2.2.6-1.5.9\libdc1394-2.2.6-1.5.9.jar;C:\Users\izeco\.m2\repository\org\bytedeco\libfreenect\0.5.7-1.5.9\libfreenect-0.5.7-1.5.9.jar;C:\Users\izeco\.m2\repository\org\bytedeco\libfreenect2\0.2.0-1.5.9\libfreenect2-0.2.0-1.5.9.jar;C:\Users\izeco\.m2\repository\org\bytedeco\librealsense\1.12.4-1.5.9\librealsense-1.12.4-1.5.9.jar;C:\Users\izeco\.m2\repository\org\bytedeco\librealsense2\2.53.1-1.5.9\librealsense2-2.53.1-1.5.9.jar;C:\Users\izeco\.m2\repository\org\bytedeco\videoinput\0.200-1.5.9\videoinput-0.200-1.5.9.jar;C:\Users\izeco\.m2\repository\org\bytedeco\artoolkitplus\2.3.1-1.5.9\artoolkitplus-2.3.1-1.5.9.jar;C:\Users\izeco\.m2\repository\org\bytedeco\leptonica\1.85.0-1.5.12\leptonica-1.85.0-1.5.12.jar;C:\Users\izeco\.m2\repository\org\bytedeco\tesseract\5.5.1-1.5.12\tesseract-5.5.1-1.5.12.jar;C:\Users\izeco\.m2\repository\org\bytedeco\javacpp-platform\1.5.12\javacpp-platform-1.5.12.jar;C:\Users\izeco\.m2\repository\org\bytedeco\javacpp\1.5.12\javacpp-1.5.12-android-arm64.jar;C:\Users\izeco\.m2\repository\org\bytedeco\javacpp\1.5.12\javacpp-1.5.12-android-x86_64.jar;C:\Users\izeco\.m2\repository\org\bytedeco\javacpp\1.5.12\javacpp-1.5.12-ios-arm64.jar;C:\Users\izeco\.m2\repository\org\bytedeco\javacpp\1.5.12\javacpp-1.5.12-ios-x86_64.jar;C:\Users\izeco\.m2\repository\org\bytedeco\javacpp\1.5.12\javacpp-1.5.12-linux-arm64.jar;C:\Users\izeco\.m2\repository\org\bytedeco\javacpp\1.5.12\javacpp-1.5.12-linux-ppc64le.jar;C:\Users\izeco\.m2\repository\org\bytedeco\javacpp\1.5.12\javacpp-1.5.12-linux-riscv64.jar;C:\Users\izeco\.m2\repository\org\bytedeco\javacpp\1.5.12\javacpp-1.5.12-linux-x86_64.jar;C:\Users\izeco\.m2\repository\org\bytedeco\javacpp\1.5.12\javacpp-1.5.12-macosx-arm64.jar;C:\Users\izeco\.m2\repository\org\bytedeco\javacpp\1.5.12\javacpp-1.5.12-macosx-x86_64.jar;C:\Users\izeco\.m2\repository\org\bytedeco\javacpp\1.5.12\javacpp-1.5.12-windows-x86_64.jar;C:\Users\izeco\.m2\repository\org\bytedeco\openblas-platform\0.3.30-1.5.12\openblas-platform-0.3.30-1.5.12.jar;C:\Users\izeco\.m2\repository\org\bytedeco\openblas\0.3.30-1.5.12\openblas-0.3.30-1.5.12-android-arm64.jar;C:\Users\izeco\.m2\repository\org\bytedeco\openblas\0.3.30-1.5.12\openblas-0.3.30-1.5.12-android-x86_64.jar;C:\Users\izeco\.m2\repository\org\bytedeco\openblas\0.3.30-1.5.12\openblas-0.3.30-1.5.12-ios-arm64.jar;C:\Users\izeco\.m2\repository\org\bytedeco\openblas\0.3.30-1.5.12\openblas-0.3.30-1.5.12-ios-x86_64.jar;C:\Users\izeco\.m2\repository\org\bytedeco\openblas\0.3.30-1.5.12\openblas-0.3.30-1.5.12-linux-x86_64.jar;C:\Users\izeco\.m2\repository\org\bytedeco\openblas\0.3.30-1.5.12\openblas-0.3.30-1.5.12-linux-arm64.jar;C:\Users\izeco\.m2\repository\org\bytedeco\openblas\0.3.30-1.5.12\openblas-0.3.30-1.5.12-macosx-arm64.jar;C:\Users\izeco\.m2\repository\org\bytedeco\openblas\0.3.30-1.5.12\openblas-0.3.30-1.5.12-macosx-x86_64.jar;C:\Users\izeco\.m2\repository\org\bytedeco\openblas\0.3.30-1.5.12\openblas-0.3.30-1.5.12-windows-x86_64.jar;C:\Users\izeco\.m2\repository\org\bytedeco\opencv-platform\4.11.0-1.5.12\opencv-platform-4.11.0-1.5.12.jar;C:\Users\izeco\.m2\repository\org\bytedeco\opencv\4.11.0-1.5.12\opencv-4.11.0-1.5.12-android-arm64.jar;C:\Users\izeco\.m2\repository\org\bytedeco\opencv\4.11.0-1.5.12\opencv-4.11.0-1.5.12-android-x86_64.jar;C:\Users\izeco\.m2\repository\org\bytedeco\opencv\4.11.0-1.5.12\opencv-4.11.0-1.5.12-ios-arm64.jar;C:\Users\izeco\.m2\repository\org\bytedeco\opencv\4.11.0-1.5.12\opencv-4.11.0-1.5.12-ios-x86_64.jar;C:\Users\izeco\.m2\repository\org\bytedeco\opencv\4.11.0-1.5.12\opencv-4.11.0-1.5.12-linux-x86_64.jar;C:\Users\izeco\.m2\repository\org\bytedeco\opencv\4.11.0-1.5.12\opencv-4.11.0-1.5.12-linux-arm64.jar;C:\Users\izeco\.m2\repository\org\bytedeco\opencv\4.11.0-1.5.12\opencv-4.11.0-1.5.12-macosx-arm64.jar;C:\Users\izeco\.m2\repository\org\bytedeco\opencv\4.11.0-1.5.12\opencv-4.11.0-1.5.12-macosx-x86_64.jar;C:\Users\izeco\.m2\repository\org\bytedeco\opencv\4.11.0-1.5.12\opencv-4.11.0-1.5.12-windows-x86_64.jar;C:\Users\izeco\.m2\repository\org\bytedeco\ffmpeg-platform\7.1.1-1.5.12\ffmpeg-platform-7.1.1-1.5.12.jar;C:\Users\izeco\.m2\repository\org\bytedeco\ffmpeg\7.1.1-1.5.12\ffmpeg-7.1.1-1.5.12-android-arm64.jar;C:\Users\izeco\.m2\repository\org\bytedeco\ffmpeg\7.1.1-1.5.12\ffmpeg-7.1.1-1.5.12-android-x86_64.jar;C:\Users\izeco\.m2\repository\org\bytedeco\ffmpeg\7.1.1-1.5.12\ffmpeg-7.1.1-1.5.12-linux-x86_64.jar;C:\Users\izeco\.m2\repository\org\bytedeco\ffmpeg\7.1.1-1.5.12\ffmpeg-7.1.1-1.5.12-linux-arm64.jar;C:\Users\izeco\.m2\repository\org\bytedeco\ffmpeg\7.1.1-1.5.12\ffmpeg-7.1.1-1.5.12-macosx-arm64.jar;C:\Users\izeco\.m2\repository\org\bytedeco\ffmpeg\7.1.1-1.5.12\ffmpeg-7.1.1-1.5.12-macosx-x86_64.jar;C:\Users\izeco\.m2\repository\org\bytedeco\ffmpeg\7.1.1-1.5.12\ffmpeg-7.1.1-1.5.12-windows-x86_64.jar;C:\Users\izeco\.m2\repository\org\bytedeco\flycapture-platform\2.13.3.31-1.5.9\flycapture-platform-2.13.3.31-1.5.9.jar;C:\Users\izeco\.m2\repository\org\bytedeco\flycapture\2.13.3.31-1.5.9\flycapture-2.13.3.31-1.5.9-linux-x86.jar;C:\Users\izeco\.m2\repository\org\bytedeco\flycapture\2.13.3.31-1.5.9\flycapture-2.13.3.31-1.5.9-linux-x86_64.jar;C:\Users\izeco\.m2\repository\org\bytedeco\flycapture\2.13.3.31-1.5.9\flycapture-2.13.3.31-1.5.9-linux-armhf.jar;C:\Users\izeco\.m2\repository\org\bytedeco\flycapture\2.13.3.31-1.5.9\flycapture-2.13.3.31-1.5.9-linux-arm64.jar;C:\Users\izeco\.m2\repository\org\bytedeco\flycapture\2.13.3.31-1.5.9\flycapture-2.13.3.31-1.5.9-windows-x86.jar;C:\Users\izeco\.m2\repository\org\bytedeco\flycapture\2.13.3.31-1.5.9\flycapture-2.13.3.31-1.5.9-windows-x86_64.jar;C:\Users\izeco\.m2\repository\org\bytedeco\libdc1394-platform\2.2.6-1.5.9\libdc1394-platform-2.2.6-1.5.9.jar;C:\Users\izeco\.m2\repository\org\bytedeco\libdc1394\2.2.6-1.5.9\libdc1394-2.2.6-1.5.9-linux-x86.jar;C:\Users\izeco\.m2\repository\org\bytedeco\libdc1394\2.2.6-1.5.9\libdc1394-2.2.6-1.5.9-linux-x86_64.jar;C:\Users\izeco\.m2\repository\org\bytedeco\libdc1394\2.2.6-1.5.9\libdc1394-2.2.6-1.5.9-linux-armhf.jar;C:\Users\izeco\.m2\repository\org\bytedeco\libdc1394\2.2.6-1.5.9\libdc1394-2.2.6-1.5.9-linux-arm64.jar;C:\Users\izeco\.m2\repository\org\bytedeco\libdc1394\2.2.6-1.5.9\libdc1394-2.2.6-1.5.9-linux-ppc64le.jar;C:\Users\izeco\.m2\repository\org\bytedeco\libdc1394\2.2.6-1.5.9\libdc1394-2.2.6-1.5.9-macosx-x86_64.jar;C:\Users\izeco\.m2\repository\org\bytedeco\libdc1394\2.2.6-1.5.9\libdc1394-2.2.6-1.5.9-windows-x86.jar;C:\Users\izeco\.m2\repository\org\bytedeco\libdc1394\2.2.6-1.5.9\libdc1394-2.2.6-1.5.9-windows-x86_64.jar;C:\Users\izeco\.m2\repository\org\bytedeco\libfreenect-platform\0.5.7-1.5.9\libfreenect-platform-0.5.7-1.5.9.jar;C:\Users\izeco\.m2\repository\org\bytedeco\libfreenect\0.5.7-1.5.9\libfreenect-0.5.7-1.5.9-linux-x86.jar;C:\Users\izeco\.m2\repository\org\bytedeco\libfreenect\0.5.7-1.5.9\libfreenect-0.5.7-1.5.9-linux-x86_64.jar;C:\Users\izeco\.m2\repository\org\bytedeco\libfreenect\0.5.7-1.5.9\libfreenect-0.5.7-1.5.9-linux-armhf.jar;C:\Users\izeco\.m2\repository\org\bytedeco\libfreenect\0.5.7-1.5.9\libfreenect-0.5.7-1.5.9-linux-arm64.jar;C:\Users\izeco\.m2\repository\org\bytedeco\libfreenect\0.5.7-1.5.9\libfreenect-0.5.7-1.5.9-linux-ppc64le.jar;C:\Users\izeco\.m2\repository\org\bytedeco\libfreenect\0.5.7-1.5.9\libfreenect-0.5.7-1.5.9-macosx-x86_64.jar;C:\Users\izeco\.m2\repository\org\bytedeco\libfreenect\0.5.7-1.5.9\libfreenect-0.5.7-1.5.9-windows-x86.jar;C:\Users\izeco\.m2\repository\org\bytedeco\libfreenect\0.5.7-1.5.9\libfreenect-0.5.7-1.5.9-windows-x86_64.jar;C:\Users\izeco\.m2\repository\org\bytedeco\libfreenect2-platform\0.2.0-1.5.9\libfreenect2-platform-0.2.0-1.5.9.jar;C:\Users\izeco\.m2\repository\org\bytedeco\libfreenect2\0.2.0-1.5.9\libfreenect2-0.2.0-1.5.9-linux-x86.jar;C:\Users\izeco\.m2\repository\org\bytedeco\libfreenect2\0.2.0-1.5.9\libfreenect2-0.2.0-1.5.9-linux-x86_64.jar;C:\Users\izeco\.m2\repository\org\bytedeco\libfreenect2\0.2.0-1.5.9\libfreenect2-0.2.0-1.5.9-macosx-x86_64.jar;C:\Users\izeco\.m2\repository\org\bytedeco\libfreenect2\0.2.0-1.5.9\libfreenect2-0.2.0-1.5.9-windows-x86_64.jar;C:\Users\izeco\.m2\repository\org\bytedeco\librealsense-platform\1.12.4-1.5.9\librealsense-platform-1.12.4-1.5.9.jar;C:\Users\izeco\.m2\repository\org\bytedeco\librealsense\1.12.4-1.5.9\librealsense-1.12.4-1.5.9-linux-armhf.jar;C:\Users\izeco\.m2\repository\org\bytedeco\librealsense\1.12.4-1.5.9\librealsense-1.12.4-1.5.9-linux-arm64.jar;C:\Users\izeco\.m2\repository\org\bytedeco\librealsense\1.12.4-1.5.9\librealsense-1.12.4-1.5.9-linux-x86.jar;C:\Users\izeco\.m2\repository\org\bytedeco\librealsense\1.12.4-1.5.9\librealsense-1.12.4-1.5.9-linux-x86_64.jar;C:\Users\izeco\.m2\repository\org\bytedeco\librealsense\1.12.4-1.5.9\librealsense-1.12.4-1.5.9-macosx-x86_64.jar;C:\Users\izeco\.m2\repository\org\bytedeco\librealsense\1.12.4-1.5.9\librealsense-1.12.4-1.5.9-windows-x86.jar;C:\Users\izeco\.m2\repository\org\bytedeco\librealsense\1.12.4-1.5.9\librealsense-1.12.4-1.5.9-windows-x86_64.jar;C:\Users\izeco\.m2\repository\org\bytedeco\librealsense2-platform\2.53.1-1.5.9\librealsense2-platform-2.53.1-1.5.9.jar;C:\Users\izeco\.m2\repository\org\bytedeco\librealsense2\2.53.1-1.5.9\librealsense2-2.53.1-1.5.9-linux-armhf.jar;C:\Users\izeco\.m2\repository\org\bytedeco\librealsense2\2.53.1-1.5.9\librealsense2-2.53.1-1.5.9-linux-arm64.jar;C:\Users\izeco\.m2\repository\org\bytedeco\librealsense2\2.53.1-1.5.9\librealsense2-2.53.1-1.5.9-linux-x86.jar;C:\Users\izeco\.m2\repository\org\bytedeco\librealsense2\2.53.1-1.5.9\librealsense2-2.53.1-1.5.9-linux-x86_64.jar;C:\Users\izeco\.m2\repository\org\bytedeco\librealsense2\2.53.1-1.5.9\librealsense2-2.53.1-1.5.9-macosx-x86_64.jar;C:\Users\izeco\.m2\repository\org\bytedeco\librealsense2\2.53.1-1.5.9\librealsense2-2.53.1-1.5.9-windows-x86.jar;C:\Users\izeco\.m2\repository\org\bytedeco\librealsense2\2.53.1-1.5.9\librealsense2-2.53.1-1.5.9-windows-x86_64.jar;C:\Users\izeco\.m2\repository\org\bytedeco\videoinput-platform\0.200-1.5.9\videoinput-platform-0.200-1.5.9.jar;C:\Users\izeco\.m2\repository\org\bytedeco\videoinput\0.200-1.5.9\videoinput-0.200-1.5.9-windows-x86.jar;C:\Users\izeco\.m2\repository\org\bytedeco\videoinput\0.200-1.5.9\videoinput-0.200-1.5.9-windows-x86_64.jar;C:\Users\izeco\.m2\repository\org\bytedeco\artoolkitplus-platform\2.3.1-1.5.9\artoolkitplus-platform-2.3.1-1.5.9.jar;C:\Users\izeco\.m2\repository\org\bytedeco\artoolkitplus\2.3.1-1.5.9\artoolkitplus-2.3.1-1.5.9-android-arm.jar;C:\Users\izeco\.m2\repository\org\bytedeco\artoolkitplus\2.3.1-1.5.9\artoolkitplus-2.3.1-1.5.9-android-arm64.jar;C:\Users\izeco\.m2\repository\org\bytedeco\artoolkitplus\2.3.1-1.5.9\artoolkitplus-2.3.1-1.5.9-android-x86.jar;C:\Users\izeco\.m2\repository\org\bytedeco\artoolkitplus\2.3.1-1.5.9\artoolkitplus-2.3.1-1.5.9-android-x86_64.jar;C:\Users\izeco\.m2\repository\org\bytedeco\artoolkitplus\2.3.1-1.5.9\artoolkitplus-2.3.1-1.5.9-linux-x86.jar;C:\Users\izeco\.m2\repository\org\bytedeco\artoolkitplus\2.3.1-1.5.9\artoolkitplus-2.3.1-1.5.9-linux-x86_64.jar;C:\Users\izeco\.m2\repository\org\bytedeco\artoolkitplus\2.3.1-1.5.9\artoolkitplus-2.3.1-1.5.9-linux-armhf.jar;C:\Users\izeco\.m2\repository\org\bytedeco\artoolkitplus\2.3.1-1.5.9\artoolkitplus-2.3.1-1.5.9-linux-arm64.jar;C:\Users\izeco\.m2\repository\org\bytedeco\artoolkitplus\2.3.1-1.5.9\artoolkitplus-2.3.1-1.5.9-linux-ppc64le.jar;C:\Users\izeco\.m2\repository\org\bytedeco\artoolkitplus\2.3.1-1.5.9\artoolkitplus-2.3.1-1.5.9-macosx-x86_64.jar;C:\Users\izeco\.m2\repository\org\bytedeco\artoolkitplus\2.3.1-1.5.9\artoolkitplus-2.3.1-1.5.9-windows-x86.jar;C:\Users\izeco\.m2\repository\org\bytedeco\artoolkitplus\2.3.1-1.5.9\artoolkitplus-2.3.1-1.5.9-windows-x86_64.jar;C:\Users\izeco\.m2\repository\org\bytedeco\leptonica-platform\1.85.0-1.5.12\leptonica-platform-1.85.0-1.5.12.jar;C:\Users\izeco\.m2\repository\org\bytedeco\leptonica\1.85.0-1.5.12\leptonica-1.85.0-1.5.12-android-arm64.jar;C:\Users\izeco\.m2\repository\org\bytedeco\leptonica\1.85.0-1.5.12\leptonica-1.85.0-1.5.12-android-x86_64.jar;C:\Users\izeco\.m2\repository\org\bytedeco\leptonica\1.85.0-1.5.12\leptonica-1.85.0-1.5.12-linux-x86_64.jar;C:\Users\izeco\.m2\repository\org\bytedeco\leptonica\1.85.0-1.5.12\leptonica-1.85.0-1.5.12-linux-arm64.jar;C:\Users\izeco\.m2\repository\org\bytedeco\leptonica\1.85.0-1.5.12\leptonica-1.85.0-1.5.12-macosx-arm64.jar;C:\Users\izeco\.m2\repository\org\bytedeco\leptonica\1.85.0-1.5.12\leptonica-1.85.0-1.5.12-macosx-x86_64.jar;C:\Users\izeco\.m2\repository\org\bytedeco\leptonica\1.85.0-1.5.12\leptonica-1.85.0-1.5.12-windows-x86_64.jar;C:\Users\izeco\.m2\repository\org\bytedeco\tesseract-platform\5.5.1-1.5.12\tesseract-platform-5.5.1-1.5.12.jar;C:\Users\izeco\.m2\repository\org\bytedeco\tesseract\5.5.1-1.5.12\tesseract-5.5.1-1.5.12-android-arm64.jar;C:\Users\izeco\.m2\repository\org\bytedeco\tesseract\5.5.1-1.5.12\tesseract-5.5.1-1.5.12-android-x86_64.jar;C:\Users\izeco\.m2\repository\org\bytedeco\tesseract\5.5.1-1.5.12\tesseract-5.5.1-1.5.12-linux-x86_64.jar;C:\Users\izeco\.m2\repository\org\bytedeco\tesseract\5.5.1-1.5.12\tesseract-5.5.1-1.5.12-linux-arm64.jar;C:\Users\izeco\.m2\repository\org\bytedeco\tesseract\5.5.1-1.5.12\tesseract-5.5.1-1.5.12-macosx-arm64.jar;C:\Users\izeco\.m2\repository\org\bytedeco\tesseract\5.5.1-1.5.12\tesseract-5.5.1-1.5.12-macosx-x86_64.jar;C:\Users\izeco\.m2\repository\org\bytedeco\tesseract\5.5.1-1.5.12\tesseract-5.5.1-1.5.12-windows-x86_64.jar;C:\Users\izeco\.m2\repository\org\junit\jupiter\junit-jupiter\5.10.0\junit-jupiter-5.10.0.jar;C:\Users\izeco\.m2\repository\org\junit\jupiter\junit-jupiter-api\5.10.0\junit-jupiter-api-5.10.0.jar;C:\Users\izeco\.m2\repository\org\opentest4j\opentest4j\1.3.0\opentest4j-1.3.0.jar;C:\Users\izeco\.m2\repository\org\junit\platform\junit-platform-commons\1.10.0\junit-platform-commons-1.10.0.jar;C:\Users\izeco\.m2\repository\org\apiguardian\apiguardian-api\1.1.2\apiguardian-api-1.1.2.jar;C:\Users\izeco\.m2\repository\org\junit\jupiter\junit-jupiter-params\5.10.0\junit-jupiter-params-5.10.0.jar;C:\Users\izeco\.m2\repository\org\junit\jupiter\junit-jupiter-engine\5.10.0\junit-jupiter-engine-5.10.0.jar;C:\Users\izeco\.m2\repository\org\junit\platform\junit-platform-engine\1.10.0\junit-platform-engine-1.10.0.jar;"/>
    <property name="sun.cpu.endian" value="little"/>
    <property name="user.home" value="C:\Users\izeco"/>
    <property name="user.language" value="en"/>
    <property name="java.specification.vendor" value="Oracle Corporation"/>
    <property name="java.version.date" value="2024-10-15"/>
    <property name="java.home" value="C:\Program Files\Java\jdk-23"/>
    <property name="file.separator" value="\"/>
    <property name="basedir" value="C:\Users\izeco\OneDrive\Desktop\SDEV 334\centroid-finder\centroid-finder"/>
    <property name="java.vm.compressedOopsMode" value="Zero based"/>
    <property name="line.separator" value="&#10;"/>
    <property name="java.vm.specification.vendor" value="Oracle Corporation"/>
    <property name="java.specification.name" value="Java Platform API Specification"/>
    <property name="surefire.real.class.path" value="C:\Users\izeco\AppData\Local\Temp\surefire2868003443493959180\surefirebooter-20251030112729184_3.jar"/>
    <property name="user.script" value=""/>
    <property name="sun.management.compiler" value="HotSpot 64-Bit Tiered Compilers"/>
    <property name="java.runtime.version" value="23.0.1+11-39"/>
    <property name="user.name" value="izeco"/>
    <property name="stdout.encoding" value="Cp1252"/>
    <property name="path.separator" value=";"/>
    <property name="os.version" value="10.0"/>
    <property name="java.runtime.name" value="Java(TM) SE Runtime Environment"/>
    <property name="file.encoding" value="UTF-8"/>
    <property name="java.vm.name" value="Java HotSpot(TM) 64-Bit Server VM"/>
    <property name="localRepository" value="C:\Users\izeco\.m2\repository"/>
    <property name="java.vendor.url.bug" value="https://bugreport.java.com/bugreport/"/>
    <property name="java.io.tmpdir" value="C:\Users\izeco\AppData\Local\Temp\"/>
    <property name="java.version" value="23.0.1"/>
    <property name="user.dir" value="C:\Users\izeco\OneDrive\Desktop\SDEV 334\centroid-finder\centroid-finder"/>
    <property name="os.arch" value="amd64"/>
    <property name="java.vm.specification.name" value="Java Virtual Machine Specification"/>
    <property name="sun.os.patch.level" value=""/>
    <property name="native.encoding" value="Cp1252"/>
    <property name="java.library.path" value="C:\Program Files\Java\jdk-23\bin;C:\WINDOWS\Sun\Java\bin;C:\WINDOWS\system32;C:\WINDOWS;C:\Users\izeco\bin;C:\Users\izeco\tools\jdk-24.0.1\bin;C:\Users\izeco\bin;C:\Program Files\Git\mingw64\bin;C:\Program Files\Git\usr\local\bin;C:\Program Files\Git\usr\bin;C:\Program Files\Git\usr\bin;C:\Program Files\Git\mingw64\bin;C:\Program Files\Git\usr\bin;C:\Users\izeco\bin;C:\Program Files\Common Files\Oracle\Java\javapath;C:\Windows\system32;C:\Windows;C:\Windows\System32\Wbem;C:\Windows\System32\WindowsPowerShell\v1.0;C:\Windows\System32\OpenSSH;C:\Program Files (x86)\NVIDIA Corporation\PhysX\Common;C:\Program Files\NVIDIA Corporation\NVIDIA NvDLISR;C:\WINDOWS\system32;C:\WINDOWS;C:\WINDOWS\System32\Wbem;C:\WINDOWS\System32\WindowsPowerShell\v1.0;C:\WINDOWS\System32\OpenSSH;C:\Program Files\nodejs;C:\Program Files\Git\cmd;C:\Program Files\Docker\Docker\resources\bin;C:\Program Files\dotnet;C:\Users\izeco\tools\jdk-24.0.1\bin;C:\Program Files\apache-maven-3.9.11\bin;C:\Users\izeco\AppData\Local\Microsoft\WindowsApps;C:\Users\izeco\AppData\Local\Programs\Microsoft VS Code\bin;C:\Users\izeco\AppData\Roaming\npm;C:\Users\izeco\.dotnet\tools;C:\Users\izeco\AppData\Local\GitHubDesktop\bin;C:\Users\izeco\tools\jdk-24.0.1\bin;C:\Users\izeco\tools\jdk-23\bin;C:\Program Files\apache-maven-3.9.11\bin;C:\Users\izeco\tools\jdk-23\bin;C:\Program Files\Java\jdk-23\bin;C:\Program Files\Java\jdk-23\bin;C:\Program Files\apache-maven-3.9.11\bin;C:\Users\izeco\tools\jdk-24.0.1\bin;C:\Users\izeco\AppData\Local\Microsoft\WindowsApps;C:\Users\izeco\AppData\Local\Programs\Microsoft VS Code\bin;C:\Users\izeco\AppData\Roaming\npm;C:\Users\izeco\.dotnet\tools;C:\Users\izeco\AppData\Local\GitHubDesktop\bin;C:\Users\izeco\AppData\Roaming\Code\User\globalStorage\github.copilot-chat\debugCommand;C:\Program Files\Git\usr\bin\vendor_perl;C:\Program Files\Git\usr\bin\core_perl;."/>
    <property name="java.vm.info" value="mixed mode, sharing"/>
    <property name="stderr.encoding" value="Cp1252"/>
    <property name="java.vendor" value="Oracle Corporation"/>
    <property name="java.vm.version" value="23.0.1+11-39"/>
    <property name="sun.io.unicode.encoding" value="UnicodeLittle"/>
    <property name="java.class.version" value="67.0"/>
  </properties>
  <testcase name="RecordsOneElementPerSecond" classname="io.github.xavierb117.centroidfinder.FrameGrabberTest" time="0.003"/>
  <testcase name="shouldRecordMinusOneCoordinatesWhenNoBlobsFound" classname="io.github.xavierb117.centroidfinder.FrameGrabberTest" time="0.001"/>
  <testcase name="shouldReturnEmptyListWhenVideoFileMissing" classname="io.github.xavierb117.centroidfinder.FrameGrabberTest" time="1.733">
    <system-err><![CDATA[org.bytedeco.javacv.FFmpegFrameGrabber$Exception: avformat_open_input() error -2: Could not open input "nonexistent.mp4". (Has setFormat() been called?) (For more details, make sure FFmpegLogCallback.set() has been called.)
	at org.bytedeco.javacv.FFmpegFrameGrabber.startUnsafe(FFmpegFrameGrabber.java:989)
	at org.bytedeco.javacv.FFmpegFrameGrabber.start(FFmpegFrameGrabber.java:916)
	at org.bytedeco.javacv.FFmpegFrameGrabber.start(FFmpegFrameGrabber.java:911)
	at io.github.xavierb117.centroidfinder.FrameGrabber.analysis(FrameGrabber.java:28)
	at io.github.xavierb117.centroidfinder.FrameGrabberTest.shouldReturnEmptyListWhenVideoFileMissing(FrameGrabberTest.java:14)
	at java.base/jdk.internal.reflect.DirectMethodHandleAccessor.invoke(DirectMethodHandleAccessor.java:103)
	at java.base/java.lang.reflect.Method.invoke(Method.java:580)
	at org.junit.platform.commons.util.ReflectionUtils.invokeMethod(ReflectionUtils.java:728)
	at org.junit.jupiter.engine.execution.MethodInvocation.proceed(MethodInvocation.java:60)
	at org.junit.jupiter.engine.execution.InvocationInterceptorChain$ValidatingInvocation.proceed(InvocationInterceptorChain.java:131)
	at org.junit.jupiter.engine.extension.TimeoutExtension.intercept(TimeoutExtension.java:156)
	at org.junit.jupiter.engine.extension.TimeoutExtension.interceptTestableMethod(TimeoutExtension.java:147)
	at org.junit.jupiter.engine.extension.TimeoutExtension.interceptTestMethod(TimeoutExtension.java:86)
	at org.junit.jupiter.engine.execution.InterceptingExecutableInvoker$ReflectiveInterceptorCall.lambda$ofVoidMethod$0(InterceptingExecutableInvoker.java:103)
	at org.junit.jupiter.engine.execution.InterceptingExecutableInvoker.lambda$invoke$0(InterceptingExecutableInvoker.java:93)
	at org.junit.jupiter.engine.execution.InvocationInterceptorChain$InterceptedInvocation.proceed(InvocationInterceptorChain.java:106)
	at org.junit.jupiter.engine.execution.InvocationInterceptorChain.proceed(InvocationInterceptorChain.java:64)
	at org.junit.jupiter.engine.execution.InvocationInterceptorChain.chainAndInvoke(InvocationInterceptorChain.java:45)
	at org.junit.jupiter.engine.execution.InvocationInterceptorChain.invoke(InvocationInterceptorChain.java:37)
	at org.junit.jupiter.engine.execution.InterceptingExecutableInvoker.invoke(InterceptingExecutableInvoker.java:92)
	at org.junit.jupiter.engine.execution.InterceptingExecutableInvoker.invoke(InterceptingExecutableInvoker.java:86)
	at org.junit.jupiter.engine.descriptor.TestMethodTestDescriptor.lambda$invokeTestMethod$7(TestMethodTestDescriptor.java:218)
	at org.junit.platform.engine.support.hierarchical.ThrowableCollector.execute(ThrowableCollector.java:73)
	at org.junit.jupiter.engine.descriptor.TestMethodTestDescriptor.invokeTestMethod(TestMethodTestDescriptor.java:214)
	at org.junit.jupiter.engine.descriptor.TestMethodTestDescriptor.execute(TestMethodTestDescriptor.java:139)
	at org.junit.jupiter.engine.descriptor.TestMethodTestDescriptor.execute(TestMethodTestDescriptor.java:69)
	at org.junit.platform.engine.support.hierarchical.NodeTestTask.lambda$executeRecursively$6(NodeTestTask.java:151)
	at org.junit.platform.engine.support.hierarchical.ThrowableCollector.execute(ThrowableCollector.java:73)
	at org.junit.platform.engine.support.hierarchical.NodeTestTask.lambda$executeRecursively$8(NodeTestTask.java:141)
	at org.junit.platform.engine.support.hierarchical.Node.around(Node.java:137)
	at org.junit.platform.engine.support.hierarchical.NodeTestTask.lambda$executeRecursively$9(NodeTestTask.java:139)
	at org.junit.platform.engine.support.hierarchical.ThrowableCollector.execute(ThrowableCollector.java:73)
	at org.junit.platform.engine.support.hierarchical.NodeTestTask.executeRecursively(NodeTestTask.java:138)
	at org.junit.platform.engine.support.hierarchical.NodeTestTask.execute(NodeTestTask.java:95)
	at java.base/java.util.ArrayList.forEach(ArrayList.java:1597)
	at org.junit.platform.engine.support.hierarchical.SameThreadHierarchicalTestExecutorService.invokeAll(SameThreadHierarchicalTestExecutorService.java:41)
	at org.junit.platform.engine.support.hierarchical.NodeTestTask.lambda$executeRecursively$6(NodeTestTask.java:155)
	at org.junit.platform.engine.support.hierarchical.ThrowableCollector.execute(ThrowableCollector.java:73)
	at org.junit.platform.engine.support.hierarchical.NodeTestTask.lambda$executeRecursively$8(NodeTestTask.java:141)
	at org.junit.platform.engine.support.hierarchical.Node.around(Node.java:137)
	at org.junit.platform.engine.support.hierarchical.NodeTestTask.lambda$executeRecursively$9(NodeTestTask.java:139)
	at org.junit.platform.engine.support.hierarchical.ThrowableCollector.execute(ThrowableCollector.java:73)
	at org.junit.platform.engine.support.hierarchical.NodeTestTask.executeRecursively(NodeTestTask.java:138)
	at org.junit.platform.engine.support.hierarchical.NodeTestTask.execute(NodeTestTask.java:95)
	at java.base/java.util.ArrayList.forEach(ArrayList.java:1597)
	at org.junit.platform.engine.support.hierarchical.SameThreadHierarchicalTestExecutorService.invokeAll(SameThreadHierarchicalTestExecutorService.java:41)
	at org.junit.platform.engine.support.hierarchical.NodeTestTask.lambda$executeRecursively$6(NodeTestTask.java:155)
	at org.junit.platform.engine.support.hierarchical.ThrowableCollector.execute(ThrowableCollector.java:73)
	at org.junit.platform.engine.support.hierarchical.NodeTestTask.lambda$executeRecursively$8(NodeTestTask.java:141)
	at org.junit.platform.engine.support.hierarchical.Node.around(Node.java:137)
	at org.junit.platform.engine.support.hierarchical.NodeTestTask.lambda$executeRecursively$9(NodeTestTask.java:139)
	at org.junit.platform.engine.support.hierarchical.ThrowableCollector.execute(ThrowableCollector.java:73)
	at org.junit.platform.engine.support.hierarchical.NodeTestTask.executeRecursively(NodeTestTask.java:138)
	at org.junit.platform.engine.support.hierarchical.NodeTestTask.execute(NodeTestTask.java:95)
	at org.junit.platform.engine.support.hierarchical.SameThreadHierarchicalTestExecutorService.submit(SameThreadHierarchicalTestExecutorService.java:35)
	at org.junit.platform.engine.support.hierarchical.HierarchicalTestExecutor.execute(HierarchicalTestExecutor.java:57)
	at org.junit.platform.engine.support.hierarchical.HierarchicalTestEngine.execute(HierarchicalTestEngine.java:54)
	at org.junit.platform.launcher.core.EngineExecutionOrchestrator.execute(EngineExecutionOrchestrator.java:198)
	at org.junit.platform.launcher.core.EngineExecutionOrchestrator.execute(EngineExecutionOrchestrator.java:169)
	at org.junit.platform.launcher.core.EngineExecutionOrchestrator.execute(EngineExecutionOrchestrator.java:93)
	at org.junit.platform.launcher.core.EngineExecutionOrchestrator.lambda$execute$0(EngineExecutionOrchestrator.java:58)
	at org.junit.platform.launcher.core.EngineExecutionOrchestrator.withInterceptedStreams(EngineExecutionOrchestrator.java:141)
	at org.junit.platform.launcher.core.EngineExecutionOrchestrator.execute(EngineExecutionOrchestrator.java:57)
	at org.junit.platform.launcher.core.DefaultLauncher.execute(DefaultLauncher.java:103)
	at org.junit.platform.launcher.core.DefaultLauncher.execute(DefaultLauncher.java:85)
	at org.junit.platform.launcher.core.DelegatingLauncher.execute(DelegatingLauncher.java:47)
	at org.apache.maven.surefire.junitplatform.LazyLauncher.execute(LazyLauncher.java:56)
	at org.apache.maven.surefire.junitplatform.JUnitPlatformProvider.execute(JUnitPlatformProvider.java:194)
	at org.apache.maven.surefire.junitplatform.JUnitPlatformProvider.invokeAllTests(JUnitPlatformProvider.java:150)
	at org.apache.maven.surefire.junitplatform.JUnitPlatformProvider.invoke(JUnitPlatformProvider.java:124)
	at org.apache.maven.surefire.booter.ForkedBooter.runSuitesInProcess(ForkedBooter.java:385)
	at org.apache.maven.surefire.booter.ForkedBooter.execute(ForkedBooter.java:162)
	at org.apache.maven.surefire.booter.ForkedBooter.run(ForkedBooter.java:507)
	at org.apache.maven.surefire.booter.ForkedBooter.main(ForkedBooter.java:495)
]]></system-err>
  </testcase>
  <testcase name="RecordsOneElementCorrectly" classname="io.github.xavierb117.centroidfinder.FrameGrabberTest" time="0.0"/>
</testsuite>