<?xml version="1.0" encoding="UTF-8"?>
<testsuite xmlns:xsi="http://www.w3.org/2001/XMLSchema-instance" xsi:noNamespaceSchemaLocation="https://maven.apache.org/surefire/maven-surefire-plugin/xsd/surefire-test-report.xsd" version="3.0.2" name="io.github.xavierb117.centroidfinder.VideoResultWriterTest" time="0.062" tests="3" errors="0" skipped="0" failures="0">
  <properties>
    <property name="java.specification.version" value="23"/>
    <property name="sun.cpu.isalist" value="amd64"/>
    <property name="sun.jnu.encoding" value="Cp1252"/>
    <property name="java.class.path" value="C:\Users\izeco\OneDrive\Desktop\SDEV 334\centroid-finder\centroid-finder\target\test-classes;C:\Users\izeco\OneDrive\Desktop\SDEV 334\centroid-finder\centroid-finder\target\classes;C:\Users\izeco\.m2\repository\org\bytedeco\javacv-platform\1.5.12\javacv-platform-1.5.12.jar;C:\Users\izeco\.m2\repository\org\bytedeco\javacv\1.5.12\javacv-1.5.12.jar;C:\Users\izeco\.m2\repository\org\bytedeco\javacpp\1.5.12\javacpp-1.5.12.jar;C:\Users\izeco\.m2\repository\org\bytedeco\openblas\0.3.30-1.5.12\openblas-0.3.30-1.5.12.jar;C:\Users\izeco\.m2\repository\org\bytedeco\opencv\4.11.0-1.5.12\opencv-4.11.0-1.5.12.jar;C:\Users\izeco\.m2\repository\org\bytedeco\ffmpeg\7.1.1-1.5.12\ffmpeg-7.1.1-1.5.12.jar;C:\Users\izeco\.m2\repository\org\bytedeco\flycapture\2.13.3.31-1.5.9\flycapture-2.13.3.31-1.5.9.jar;C:\Users\izeco\.m2\repository\org\bytedeco\libdc1394\2.2.6-1.5.9\libdc1394-2.2.6-1.5.9.jar;C:\Users\izeco\.m2\repository\org\bytedeco\libfreenect\0.5.7-1.5.9\libfreenect-0.5.7-1.5.9.jar;C:\Users\izeco\.m2\repository\org\bytedeco\libfreenect2\0.2.0-1.5.9\libfreenect2-0.2.0-1.5.9.jar;C:\Users\izeco\.m2\repository\org\bytedeco\librealsense\1.12.4-1.5.9\librealsense-1.12.4-1.5.9.jar;C:\Users\izeco\.m2\repository\org\bytedeco\librealsense2\2.53.1-1.5.9\librealsense2-2.53.1-1.5.9.jar;C:\Users\izeco\.m2\repository\org\bytedeco\videoinput\0.200-1.5.9\videoinput-0.200-1.5.9.jar;C:\Users\izeco\.m2\repository\org\bytedeco\artoolkitplus\2.3.1-1.5.9\artoolkitplus-2.3.1-1.5.9.jar;C:\Users\izeco\.m2\repository\org\bytedeco\leptonica\1.85.0-1.5.12\leptonica-1.85.0-1.5.12.jar;C:\Users\izeco\.m2\repository\org\bytedeco\tesseract\5.5.1-1.5.12\tesseract-5.5.1-1.5.12.jar;C:\Users\izeco\.m2\repository\org\bytedeco\javacpp-platform\1.5.12\javacpp-platform-1.5.12.jar;C:\Users\izeco\.m2\repository\org\bytedeco\javacpp\1.5.12\javacpp-1.5.12-android-arm64.jar;C:\Users\izeco\.m2\repository\org\bytedeco\javacpp\1.5.12\javacpp-1.5.12-android-x86_64.jar;C:\Users\izeco\.m2\repository\org\bytedeco\javacpp\1.5.12\javacpp-1.5.12-ios-arm64.jar;C:\Users\izeco\.m2\repository\org\bytedeco\javacpp\1.5.12\javacpp-1.5.12-ios-x86_64.jar;C:\Users\izeco\.m2\repository\org\bytedeco\javacpp\1.5.12\javacpp-1.5.12-linux-arm64.jar;C:\Users\izeco\.m2\repository\org\bytedeco\javacpp\1.5.12\javacpp-1.5.12-linux-ppc64le.jar;C:\Users\izeco\.m2\repository\org\bytedeco\javacpp\1.5.12\javacpp-1.5.12-linux-riscv64.jar;C:\Users\izeco\.m2\repository\org\bytedeco\javacpp\1.5.12\javacpp-1.5.12-linux-x86_64.jar;C:\Users\izeco\.m2\repository\org\bytedeco\javacpp\1.5.12\javacpp-1.5.12-macosx-arm64.jar;C:\Users\izeco\.m2\repository\org\bytedeco\javacpp\1.5.12\javacpp-1.5.12-macosx-x86_64.jar;C:\Users\izeco\.m2\repository\org\bytedeco\javacpp\1.5.12\javacpp-1.5.12-windows-x86_64.jar;C:\Users\izeco\.m2\repository\org\bytedeco\openblas-platform\0.3.30-1.5.12\openblas-platform-0.3.30-1.5.12.jar;C:\Users\izeco\.m2\repository\org\bytedeco\openblas\0.3.30-1.5.12\openblas-0.3.30-1.5.12-android-arm64.jar;C:\Users\izeco\.m2\repository\org\bytedeco\openblas\0.3.30-1.5.12\openblas-0.3.30-1.5.12-android-x86_64.jar;C:\Users\izeco\.m2\repository\org\bytedeco\openblas\0.3.30-1.5.12\openblas-0.3.30-1.5.12-ios-arm64.jar;C:\Users\izeco\.m2\repository\org\bytedeco\openblas\0.3.30-1.5.12\openblas-0.3.30-1.5.12-ios-x86_64.jar;C:\Users\izeco\.m2\repository\org\bytedeco\openblas\0.3.30-1.5.12\openblas-0.3.30-1.5.12-linux-x86_64.jar;C:\Users\izeco\.m2\repository\org\bytedeco\openblas\0.3.30-1.5.12\openblas-0.3.30-1.5.12-linux-arm64.jar;C:\Users\izeco\.m2\repository\org\bytedeco\openblas\0.3.30-1.5.12\openblas-0.3.30-1.5.12-macosx-arm64.jar;C:\Users\izeco\.m2\repository\org\bytedeco\openblas\0.3.30-1.5.12\openblas-0.3.30-1.5.12-macosx-x86_64.jar;C:\Users\izeco\.m2\repository\org\bytedeco\openblas\0.3.30-1.5.12\openblas-0.3.30-1.5.12-windows-x86_64.jar;C:\Users\izeco\.m2\repository\org\bytedeco\opencv-platform\4.11.0-1.5.12\opencv-platform-4.11.0-1.5.12.jar;C:\Users\izeco\.m2\repository\org\bytedeco\opencv\4.11.0-1.5.12\opencv-4.11.0-1.5.12-android-arm64.jar;C:\Users\izeco\.m2\repository\org\bytedeco\opencv\4.11.0-1.5.12\opencv-4.11.0-1.5.12-android-x86_64.jar;C:\Users\izeco\.m2\repository\org\bytedeco\opencv\4.11.0-1.5.12\opencv-4.11.0-1.5.12-ios-arm64.jar;C:\Users\izeco\.m2\repository\org\bytedeco\opencv\4.11.0-1.5.12\opencv-4.11.0-1.5.12-ios-x86_64.jar;C:\Users\izeco\.m2\repository\org\bytedeco\opencv\4.11.0-1.5.12\opencv-4.11.0-1.5.12-linux-x86_64.jar;C:\Users\izeco\.m2\repository\org\bytedeco\opencv\4.11.0-1.5.12\opencv-4.11.0-1.5.12-linux-arm64.jar;C:\Users\izeco\.m2\repository\org\bytedeco\opencv\4.11.0-1.5.12\opencv-4.11.0-1.5.12-macosx-arm64.jar;C:\Users\izeco\.m2\repository\org\bytedeco\opencv\4.11.0-1.5.12\opencv-4.11.0-1.5.12-macosx-x86_64.jar;C:\Users\izeco\.m2\repository\org\bytedeco\opencv\4.11.0-1.5.12\opencv-4.11.0-1.5.12-windows-x86_64.jar;C:\Users\izeco\.m2\repository\org\bytedeco\ffmpeg-platform\7.1.1-1.5.12\ffmpeg-platform-7.1.1-1.5.12.jar;C:\Users\izeco\.m2\repository\org\bytedeco\ffmpeg\7.1.1-1.5.12\ffmpeg-7.1.1-1.5.12-android-arm64.jar;C:\Users\izeco\.m2\repository\org\bytedeco\ffmpeg\7.1.1-1.5.12\ffmpeg-7.1.1-1.5.12-android-x86_64.jar;C:\Users\izeco\.m2\repository\org\bytedeco\ffmpeg\7.1.1-1.5.12\ffmpeg-7.1.1-1.5.12-linux-x86_64.jar;C:\Users\izeco\.m2\repository\org\bytedeco\ffmpeg\7.1.1-1.5.12\ffmpeg-7.1.1-1.5.12-linux-arm64.jar;C:\Users\izeco\.m2\repository\org\bytedeco\ffmpeg\7.1.1-1.5.12\ffmpeg-7.1.1-1.5.12-macosx-arm64.jar;C:\Users\izeco\.m2\repository\org\bytedeco\ffmpeg\7.1.1-1.5.12\ffmpeg-7.1.1-1.5.12-macosx-x86_64.jar;C:\Users\izeco\.m2\repository\org\bytedeco\ffmpeg\7.1.1-1.5.12\ffmpeg-7.1.1-1.5.12-windows-x86_64.jar;C:\Users\izeco\.m2\repository\org\bytedeco\flycapture-platform\2.13.3.31-1.5.9\flycapture-platform-2.13.3.31-1.5.9.jar;C:\Users\izeco\.m2\repository\org\bytedeco\flycapture\2.13.3.31-1.5.9\flycapture-2.13.3.31-1.5.9-linux-x86.jar;C:\Users\izeco\.m2\repository\org\bytedeco\flycapture\2.13.3.31-1.5.9\flycapture-2.13.3.31-1.5.9-linux-x86_64.jar;C:\Users\izeco\.m2\repository\org\bytedeco\flycapture\2.13.3.31-1.5.9\flycapture-2.13.3.31-1.5.9-linux-armhf.jar;C:\Users\izeco\.m2\repository\org\bytedeco\flycapture\2.13.3.31-1.5.9\flycapture-2.13.3.31-1.5.9-linux-arm64.jar;C:\Users\izeco\.m2\repository\org\bytedeco\flycapture\2.13.3.31-1.5.9\flycapture-2.13.3.31-1.5.9-windows-x86.jar;C:\Users\izeco\.m2\repository\org\bytedeco\flycapture\2.13.3.31-1.5.9\flycapture-2.13.3.31-1.5.9-windows-x86_64.jar;C:\Users\izeco\.m2\repository\org\bytedeco\libdc1394-platform\2.2.6-1.5.9\libdc1394-platform-2.2.6-1.5.9.jar;C:\Users\izeco\.m2\repository\org\bytedeco\libdc1394\2.2.6-1.5.9\libdc1394-2.2.6-1.5.9-linux-x86.jar;C:\Users\izeco\.m2\repository\org\bytedeco\libdc1394\2.2.6-1.5.9\libdc1394-2.2.6-1.5.9-linux-x86_64.jar;C:\Users\izeco\.m2\repository\org\bytedeco\libdc1394\2.2.6-1.5.9\libdc1394-2.2.6-1.5.9-linux-armhf.jar;C:\Users\izeco\.m2\repository\org\bytedeco\libdc1394\2.2.6-1.5.9\libdc1394-2.2.6-1.5.9-linux-arm64.jar;C:\Users\izeco\.m2\repository\org\bytedeco\libdc1394\2.2.6-1.5.9\libdc1394-2.2.6-1.5.9-linux-ppc64le.jar;C:\Users\izeco\.m2\repository\org\bytedeco\libdc1394\2.2.6-1.5.9\libdc1394-2.2.6-1.5.9-macosx-x86_64.jar;C:\Users\izeco\.m2\repository\org\bytedeco\libdc1394\2.2.6-1.5.9\libdc1394-2.2.6-1.5.9-windows-x86.jar;C:\Users\izeco\.m2\repository\org\bytedeco\libdc1394\2.2.6-1.5.9\libdc1394-2.2.6-1.5.9-windows-x86_64.jar;C:\Users\izeco\.m2\repository\org\bytedeco\libfreenect-platform\0.5.7-1.5.9\libfreenect-platform-0.5.7-1.5.9.jar;C:\Users\izeco\.m2\repository\org\bytedeco\libfreenect\0.5.7-1.5.9\libfreenect-0.5.7-1.5.9-linux-x86.jar;C:\Users\izeco\.m2\repository\org\bytedeco\libfreenect\0.5.7-1.5.9\libfreenect-0.5.7-1.5.9-linux-x86_64.jar;C:\Users\izeco\.m2\repository\org\bytedeco\libfreenect\0.5.7-1.5.9\libfreenect-0.5.7-1.5.9-linux-armhf.jar;C:\Users\izeco\.m2\repository\org\bytedeco\libfreenect\0.5.7-1.5.9\libfreenect-0.5.7-1.5.9-linux-arm64.jar;C:\Users\izeco\.m2\repository\org\bytedeco\libfreenect\0.5.7-1.5.9\libfreenect-0.5.7-1.5.9-linux-ppc64le.jar;C:\Users\izeco\.m2\repository\org\bytedeco\libfreenect\0.5.7-1.5.9\libfreenect-0.5.7-1.5.9-macosx-x86_64.jar;C:\Users\izeco\.m2\repository\org\bytedeco\libfreenect\0.5.7-1.5.9\libfreenect-0.5.7-1.5.9-windows-x86.jar;C:\Users\izeco\.m2\repository\org\bytedeco\libfreenect\0.5.7-1.5.9\libfreenect-0.5.7-1.5.9-windows-x86_64.jar;C:\Users\izeco\.m2\repository\org\bytedeco\libfreenect2-platform\0.2.0-1.5.9\libfreenect2-platform-0.2.0-1.5.9.jar;C:\Users\izeco\.m2\repository\org\bytedeco\libfreenect2\0.2.0-1.5.9\libfreenect2-0.2.0-1.5.9-linux-x86.jar;C:\Users\izeco\.m2\repository\org\bytedeco\libfreenect2\0.2.0-1.5.9\libfreenect2-0.2.0-1.5.9-linux-x86_64.jar;C:\Users\izeco\.m2\repository\org\bytedeco\libfreenect2\0.2.0-1.5.9\libfreenect2-0.2.0-1.5.9-macosx-x86_64.jar;C:\Users\izeco\.m2\repository\org\bytedeco\libfreenect2\0.2.0-1.5.9\libfreenect2-0.2.0-1.5.9-windows-x86_64.jar;C:\Users\izeco\.m2\repository\org\bytedeco\librealsense-platform\1.12.4-1.5.9\librealsense-platform-1.12.4-1.5.9.jar;C:\Users\izeco\.m2\repository\org\bytedeco\librealsense\1.12.4-1.5.9\librealsense-1.12.4-1.5.9-linux-armhf.jar;C:\Users\izeco\.m2\repository\org\bytedeco\librealsense\1.12.4-1.5.9\librealsense-1.12.4-1.5.9-linux-arm64.jar;C:\Users\izeco\.m2\repository\org\bytedeco\librealsense\1.12.4-1.5.9\librealsense-1.12.4-1.5.9-linux-x86.jar;C:\Users\izeco\.m2\repository\org\bytedeco\librealsense\1.12.4-1.5.9\librealsense-1.12.4-1.5.9-linux-x86_64.jar;C:\Users\izeco\.m2\repository\org\bytedeco\librealsense\1.12.4-1.5.9\librealsense-1.12.4-1.5.9-macosx-x86_64.jar;C:\Users\izeco\.m2\repository\org\bytedeco\librealsense\1.12.4-1.5.9\librealsense-1.12.4-1.5.9-windows-x86.jar;C:\Users\izeco\.m2\repository\org\bytedeco\librealsense\1.12.4-1.5.9\librealsense-1.12.4-1.5.9-windows-x86_64.jar;C:\Users\izeco\.m2\repository\org\bytedeco\librealsense2-platform\2.53.1-1.5.9\librealsense2-platform-2.53.1-1.5.9.jar;C:\Users\izeco\.m2\repository\org\bytedeco\librealsense2\2.53.1-1.5.9\librealsense2-2.53.1-1.5.9-linux-armhf.jar;C:\Users\izeco\.m2\repository\org\bytedeco\librealsense2\2.53.1-1.5.9\librealsense2-2.53.1-1.5.9-linux-arm64.jar;C:\Users\izeco\.m2\repository\org\bytedeco\librealsense2\2.53.1-1.5.9\librealsense2-2.53.1-1.5.9-linux-x86.jar;C:\Users\izeco\.m2\repository\org\bytedeco\librealsense2\2.53.1-1.5.9\librealsense2-2.53.1-1.5.9-linux-x86_64.jar;C:\Users\izeco\.m2\repository\org\bytedeco\librealsense2\2.53.1-1.5.9\librealsense2-2.53.1-1.5.9-macosx-x86_64.jar;C:\Users\izeco\.m2\repository\org\bytedeco\librealsense2\2.53.1-1.5.9\librealsense2-2.53.1-1.5.9-windows-x86.jar;C:\Users\izeco\.m2\repository\org\bytedeco\librealsense2\2.53.1-1.5.9\librealsense2-2.53.1-1.5.9-windows-x86_64.jar;C:\Users\izeco\.m2\repository\org\bytedeco\videoinput-platform\0.200-1.5.9\videoinput-platform-0.200-1.5.9.jar;C:\Users\izeco\.m2\repository\org\bytedeco\videoinput\0.200-1.5.9\videoinput-0.200-1.5.9-windows-x86.jar;C:\Users\izeco\.m2\repository\org\bytedeco\videoinput\0.200-1.5.9\videoinput-0.200-1.5.9-windows-x86_64.jar;C:\Users\izeco\.m2\repository\org\bytedeco\artoolkitplus-platform\2.3.1-1.5.9\artoolkitplus-platform-2.3.1-1.5.9.jar;C:\Users\izeco\.m2\repository\org\bytedeco\artoolkitplus\2.3.1-1.5.9\artoolkitplus-2.3.1-1.5.9-android-arm.jar;C:\Users\izeco\.m2\repository\org\bytedeco\artoolkitplus\2.3.1-1.5.9\artoolkitplus-2.3.1-1.5.9-android-arm64.jar;C:\Users\izeco\.m2\repository\org\bytedeco\artoolkitplus\2.3.1-1.5.9\artoolkitplus-2.3.1-1.5.9-android-x86.jar;C:\Users\izeco\.m2\repository\org\bytedeco\artoolkitplus\2.3.1-1.5.9\artoolkitplus-2.3.1-1.5.9-android-x86_64.jar;C:\Users\izeco\.m2\repository\org\bytedeco\artoolkitplus\2.3.1-1.5.9\artoolkitplus-2.3.1-1.5.9-linux-x86.jar;C:\Users\izeco\.m2\repository\org\bytedeco\artoolkitplus\2.3.1-1.5.9\artoolkitplus-2.3.1-1.5.9-linux-x86_64.jar;C:\Users\izeco\.m2\repository\org\bytedeco\artoolkitplus\2.3.1-1.5.9\artoolkitplus-2.3.1-1.5.9-linux-armhf.jar;C:\Users\izeco\.m2\repository\org\bytedeco\artoolkitplus\2.3.1-1.5.9\artoolkitplus-2.3.1-1.5.9-linux-arm64.jar;C:\Users\izeco\.m2\repository\org\bytedeco\artoolkitplus\2.3.1-1.5.9\artoolkitplus-2.3.1-1.5.9-linux-ppc64le.jar;C:\Users\izeco\.m2\repository\org\bytedeco\artoolkitplus\2.3.1-1.5.9\artoolkitplus-2.3.1-1.5.9-macosx-x86_64.jar;C:\Users\izeco\.m2\repository\org\bytedeco\artoolkitplus\2.3.1-1.5.9\artoolkitplus-2.3.1-1.5.9-windows-x86.jar;C:\Users\izeco\.m2\repository\org\bytedeco\artoolkitplus\2.3.1-1.5.9\artoolkitplus-2.3.1-1.5.9-windows-x86_64.jar;C:\Users\izeco\.m2\repository\org\bytedeco\leptonica-platform\1.85.0-1.5.12\leptonica-platform-1.85.0-1.5.12.jar;C:\Users\izeco\.m2\repository\org\bytedeco\leptonica\1.85.0-1.5.12\leptonica-1.85.0-1.5.12-android-arm64.jar;C:\Users\izeco\.m2\repository\org\bytedeco\leptonica\1.85.0-1.5.12\leptonica-1.85.0-1.5.12-android-x86_64.jar;C:\Users\izeco\.m2\repository\org\bytedeco\leptonica\1.85.0-1.5.12\leptonica-1.85.0-1.5.12-linux-x86_64.jar;C:\Users\izeco\.m2\repository\org\bytedeco\leptonica\1.85.0-1.5.12\leptonica-1.85.0-1.5.12-linux-arm64.jar;C:\Users\izeco\.m2\repository\org\bytedeco\leptonica\1.85.0-1.5.12\leptonica-1.85.0-1.5.12-macosx-arm64.jar;C:\Users\izeco\.m2\repository\org\bytedeco\leptonica\1.85.0-1.5.12\leptonica-1.85.0-1.5.12-macosx-x86_64.jar;C:\Users\izeco\.m2\repository\org\bytedeco\leptonica\1.85.0-1.5.12\leptonica-1.85.0-1.5.12-windows-x86_64.jar;C:\Users\izeco\.m2\repository\org\bytedeco\tesseract-platform\5.5.1-1.5.12\tesseract-platform-5.5.1-1.5.12.jar;C:\Users\izeco\.m2\repository\org\bytedeco\tesseract\5.5.1-1.5.12\tesseract-5.5.1-1.5.12-android-arm64.jar;C:\Users\izeco\.m2\repository\org\bytedeco\tesseract\5.5.1-1.5.12\tesseract-5.5.1-1.5.12-android-x86_64.jar;C:\Users\izeco\.m2\repository\org\bytedeco\tesseract\5.5.1-1.5.12\tesseract-5.5.1-1.5.12-linux-x86_64.jar;C:\Users\izeco\.m2\repository\org\bytedeco\tesseract\5.5.1-1.5.12\tesseract-5.5.1-1.5.12-linux-arm64.jar;C:\Users\izeco\.m2\repository\org\bytedeco\tesseract\5.5.1-1.5.12\tesseract-5.5.1-1.5.12-macosx-arm64.jar;C:\Users\izeco\.m2\repository\org\bytedeco\tesseract\5.5.1-1.5.12\tesseract-5.5.1-1.5.12-macosx-x86_64.jar;C:\Users\izeco\.m2\repository\org\bytedeco\tesseract\5.5.1-1.5.12\tesseract-5.5.1-1.5.12-windows-x86_64.jar;C:\Users\izeco\.m2\repository\org\junit\jupiter\junit-jupiter\5.10.0\junit-jupiter-5.10.0.jar;C:\Users\izeco\.m2\repository\org\junit\jupiter\junit-jupiter-api\5.10.0\junit-jupiter-api-5.10.0.jar;C:\Users\izeco\.m2\repository\org\opentest4j\opentest4j\1.3.0\opentest4j-1.3.0.jar;C:\Users\izeco\.m2\repository\org\junit\platform\junit-platform-commons\1.10.0\junit-platform-commons-1.10.0.jar;C:\Users\izeco\.m2\repository\org\apiguardian\apiguardian-api\1.1.2\apiguardian-api-1.1.2.jar;C:\Users\izeco\.m2\repository\org\junit\jupiter\junit-jupiter-params\5.10.0\junit-jupiter-params-5.10.0.jar;C:\Users\izeco\.m2\repository\org\junit\jupiter\junit-jupiter-engine\5.10.0\junit-jupiter-engine-5.10.0.jar;C:\Users\izeco\.m2\repository\org\junit\platform\junit-platform-engine\1.10.0\junit-platform-engine-1.10.0.jar;"/>
    <property name="java.vm.vendor" value="Oracle Corporation"/>
    <property name="sun.arch.data.model" value="64"/>
    <property name="user.variant" value=""/>
    <property name="java.vendor.url" value="https://java.oracle.com/"/>
    <property name="user.timezone" value="America/Los_Angeles"/>
    <property name="os.name" value="Windows 11"/>
    <property name="java.vm.specification.version" value="23"/>
    <property name="sun.java.launcher" value="SUN_STANDARD"/>
    <property name="user.country" value="US"/>
    <property name="sun.boot.library.path" value="C:\Program Files\Java\jdk-23\bin"/>
    <property name="sun.java.command" value="C:\Users\izeco\AppData\Local\Temp\surefire16027488734751241895\surefirebooter-20251029223335179_3.jar C:\Users\izeco\AppData\Local\Temp\surefire16027488734751241895 2025-10-29T22-33-35_021-jvmRun1 surefire-20251029223335179_1tmp surefire_0-20251029223335179_2tmp"/>
    <property name="jdk.debug" value="release"/>
    <property name="surefire.test.class.path" value="C:\Users\izeco\OneDrive\Desktop\SDEV 334\centroid-finder\centroid-finder\target\test-classes;C:\Users\izeco\OneDrive\Desktop\SDEV 334\centroid-finder\centroid-finder\target\classes;C:\Users\izeco\.m2\repository\org\bytedeco\javacv-platform\1.5.12\javacv-platform-1.5.12.jar;C:\Users\izeco\.m2\repository\org\bytedeco\javacv\1.5.12\javacv-1.5.12.jar;C:\Users\izeco\.m2\repository\org\bytedeco\javacpp\1.5.12\javacpp-1.5.12.jar;C:\Users\izeco\.m2\repository\org\bytedeco\openblas\0.3.30-1.5.12\openblas-0.3.30-1.5.12.jar;C:\Users\izeco\.m2\repository\org\bytedeco\opencv\4.11.0-1.5.12\opencv-4.11.0-1.5.12.jar;C:\Users\izeco\.m2\repository\org\bytedeco\ffmpeg\7.1.1-1.5.12\ffmpeg-7.1.1-1.5.12.jar;C:\Users\izeco\.m2\repository\org\bytedeco\flycapture\2.13.3.31-1.5.9\flycapture-2.13.3.31-1.5.9.jar;C:\Users\izeco\.m2\repository\org\bytedeco\libdc1394\2.2.6-1.5.9\libdc1394-2.2.6-1.5.9.jar;C:\Users\izeco\.m2\repository\org\bytedeco\libfreenect\0.5.7-1.5.9\libfreenect-0.5.7-1.5.9.jar;C:\Users\izeco\.m2\repository\org\bytedeco\libfreenect2\0.2.0-1.5.9\libfreenect2-0.2.0-1.5.9.jar;C:\Users\izeco\.m2\repository\org\bytedeco\librealsense\1.12.4-1.5.9\librealsense-1.12.4-1.5.9.jar;C:\Users\izeco\.m2\repository\org\bytedeco\librealsense2\2.53.1-1.5.9\librealsense2-2.53.1-1.5.9.jar;C:\Users\izeco\.m2\repository\org\bytedeco\videoinput\0.200-1.5.9\videoinput-0.200-1.5.9.jar;C:\Users\izeco\.m2\repository\org\bytedeco\artoolkitplus\2.3.1-1.5.9\artoolkitplus-2.3.1-1.5.9.jar;C:\Users\izeco\.m2\repository\org\bytedeco\leptonica\1.85.0-1.5.12\leptonica-1.85.0-1.5.12.jar;C:\Users\izeco\.m2\repository\org\bytedeco\tesseract\5.5.1-1.5.12\tesseract-5.5.1-1.5.12.jar;C:\Users\izeco\.m2\repository\org\bytedeco\javacpp-platform\1.5.12\javacpp-platform-1.5.12.jar;C:\Users\izeco\.m2\repository\org\bytedeco\javacpp\1.5.12\javacpp-1.5.12-android-arm64.jar;C:\Users\izeco\.m2\repository\org\bytedeco\javacpp\1.5.12\javacpp-1.5.12-android-x86_64.jar;C:\Users\izeco\.m2\repository\org\bytedeco\javacpp\1.5.12\javacpp-1.5.12-ios-arm64.jar;C:\Users\izeco\.m2\repository\org\bytedeco\javacpp\1.5.12\javacpp-1.5.12-ios-x86_64.jar;C:\Users\izeco\.m2\repository\org\bytedeco\javacpp\1.5.12\javacpp-1.5.12-linux-arm64.jar;C:\Users\izeco\.m2\repository\org\bytedeco\javacpp\1.5.12\javacpp-1.5.12-linux-ppc64le.jar;C:\Users\izeco\.m2\repository\org\bytedeco\javacpp\1.5.12\javacpp-1.5.12-linux-riscv64.jar;C:\Users\izeco\.m2\repository\org\bytedeco\javacpp\1.5.12\javacpp-1.5.12-linux-x86_64.jar;C:\Users\izeco\.m2\repository\org\bytedeco\javacpp\1.5.12\javacpp-1.5.12-macosx-arm64.jar;C:\Users\izeco\.m2\repository\org\bytedeco\javacpp\1.5.12\javacpp-1.5.12-macosx-x86_64.jar;C:\Users\izeco\.m2\repository\org\bytedeco\javacpp\1.5.12\javacpp-1.5.12-windows-x86_64.jar;C:\Users\izeco\.m2\repository\org\bytedeco\openblas-platform\0.3.30-1.5.12\openblas-platform-0.3.30-1.5.12.jar;C:\Users\izeco\.m2\repository\org\bytedeco\openblas\0.3.30-1.5.12\openblas-0.3.30-1.5.12-android-arm64.jar;C:\Users\izeco\.m2\repository\org\bytedeco\openblas\0.3.30-1.5.12\openblas-0.3.30-1.5.12-android-x86_64.jar;C:\Users\izeco\.m2\repository\org\bytedeco\openblas\0.3.30-1.5.12\openblas-0.3.30-1.5.12-ios-arm64.jar;C:\Users\izeco\.m2\repository\org\bytedeco\openblas\0.3.30-1.5.12\openblas-0.3.30-1.5.12-ios-x86_64.jar;C:\Users\izeco\.m2\repository\org\bytedeco\openblas\0.3.30-1.5.12\openblas-0.3.30-1.5.12-linux-x86_64.jar;C:\Users\izeco\.m2\repository\org\bytedeco\openblas\0.3.30-1.5.12\openblas-0.3.30-1.5.12-linux-arm64.jar;C:\Users\izeco\.m2\repository\org\bytedeco\openblas\0.3.30-1.5.12\openblas-0.3.30-1.5.12-macosx-arm64.jar;C:\Users\izeco\.m2\repository\org\bytedeco\openblas\0.3.30-1.5.12\openblas-0.3.30-1.5.12-macosx-x86_64.jar;C:\Users\izeco\.m2\repository\org\bytedeco\openblas\0.3.30-1.5.12\openblas-0.3.30-1.5.12-windows-x86_64.jar;C:\Users\izeco\.m2\repository\org\bytedeco\opencv-platform\4.11.0-1.5.12\opencv-platform-4.11.0-1.5.12.jar;C:\Users\izeco\.m2\repository\org\bytedeco\opencv\4.11.0-1.5.12\opencv-4.11.0-1.5.12-android-arm64.jar;C:\Users\izeco\.m2\repository\org\bytedeco\opencv\4.11.0-1.5.12\opencv-4.11.0-1.5.12-android-x86_64.jar;C:\Users\izeco\.m2\repository\org\bytedeco\opencv\4.11.0-1.5.12\opencv-4.11.0-1.5.12-ios-arm64.jar;C:\Users\izeco\.m2\repository\org\bytedeco\opencv\4.11.0-1.5.12\opencv-4.11.0-1.5.12-ios-x86_64.jar;C:\Users\izeco\.m2\repository\org\bytedeco\opencv\4.11.0-1.5.12\opencv-4.11.0-1.5.12-linux-x86_64.jar;C:\Users\izeco\.m2\repository\org\bytedeco\opencv\4.11.0-1.5.12\opencv-4.11.0-1.5.12-linux-arm64.jar;C:\Users\izeco\.m2\repository\org\bytedeco\opencv\4.11.0-1.5.12\opencv-4.11.0-1.5.12-macosx-arm64.jar;C:\Users\izeco\.m2\repository\org\bytedeco\opencv\4.11.0-1.5.12\opencv-4.11.0-1.5.12-macosx-x86_64.jar;C:\Users\izeco\.m2\repository\org\bytedeco\opencv\4.11.0-1.5.12\opencv-4.11.0-1.5.12-windows-x86_64.jar;C:\Users\izeco\.m2\repository\org\bytedeco\ffmpeg-platform\7.1.1-1.5.12\ffmpeg-platform-7.1.1-1.5.12.jar;C:\Users\izeco\.m2\repository\org\bytedeco\ffmpeg\7.1.1-1.5.12\ffmpeg-7.1.1-1.5.12-android-arm64.jar;C:\Users\izeco\.m2\repository\org\bytedeco\ffmpeg\7.1.1-1.5.12\ffmpeg-7.1.1-1.5.12-android-x86_64.jar;C:\Users\izeco\.m2\repository\org\bytedeco\ffmpeg\7.1.1-1.5.12\ffmpeg-7.1.1-1.5.12-linux-x86_64.jar;C:\Users\izeco\.m2\repository\org\bytedeco\ffmpeg\7.1.1-1.5.12\ffmpeg-7.1.1-1.5.12-linux-arm64.jar;C:\Users\izeco\.m2\repository\org\bytedeco\ffmpeg\7.1.1-1.5.12\ffmpeg-7.1.1-1.5.12-macosx-arm64.jar;C:\Users\izeco\.m2\repository\org\bytedeco\ffmpeg\7.1.1-1.5.12\ffmpeg-7.1.1-1.5.12-macosx-x86_64.jar;C:\Users\izeco\.m2\repository\org\bytedeco\ffmpeg\7.1.1-1.5.12\ffmpeg-7.1.1-1.5.12-windows-x86_64.jar;C:\Users\izeco\.m2\repository\org\bytedeco\flycapture-platform\2.13.3.31-1.5.9\flycapture-platform-2.13.3.31-1.5.9.jar;C:\Users\izeco\.m2\repository\org\bytedeco\flycapture\2.13.3.31-1.5.9\flycapture-2.13.3.31-1.5.9-linux-x86.jar;C:\Users\izeco\.m2\repository\org\bytedeco\flycapture\2.13.3.31-1.5.9\flycapture-2.13.3.31-1.5.9-linux-x86_64.jar;C:\Users\izeco\.m2\repository\org\bytedeco\flycapture\2.13.3.31-1.5.9\flycapture-2.13.3.31-1.5.9-linux-armhf.jar;C:\Users\izeco\.m2\repository\org\bytedeco\flycapture\2.13.3.31-1.5.9\flycapture-2.13.3.31-1.5.9-linux-arm64.jar;C:\Users\izeco\.m2\repository\org\bytedeco\flycapture\2.13.3.31-1.5.9\flycapture-2.13.3.31-1.5.9-windows-x86.jar;C:\Users\izeco\.m2\repository\org\bytedeco\flycapture\2.13.3.31-1.5.9\flycapture-2.13.3.31-1.5.9-windows-x86_64.jar;C:\Users\izeco\.m2\repository\org\bytedeco\libdc1394-platform\2.2.6-1.5.9\libdc1394-platform-2.2.6-1.5.9.jar;C:\Users\izeco\.m2\repository\org\bytedeco\libdc1394\2.2.6-1.5.9\libdc1394-2.2.6-1.5.9-linux-x86.jar;C:\Users\izeco\.m2\repository\org\bytedeco\libdc1394\2.2.6-1.5.9\libdc1394-2.2.6-1.5.9-linux-x86_64.jar;C:\Users\izeco\.m2\repository\org\bytedeco\libdc1394\2.2.6-1.5.9\libdc1394-2.2.6-1.5.9-linux-armhf.jar;C:\Users\izeco\.m2\repository\org\bytedeco\libdc1394\2.2.6-1.5.9\libdc1394-2.2.6-1.5.9-linux-arm64.jar;C:\Users\izeco\.m2\repository\org\bytedeco\libdc1394\2.2.6-1.5.9\libdc1394-2.2.6-1.5.9-linux-ppc64le.jar;C:\Users\izeco\.m2\repository\org\bytedeco\libdc1394\2.2.6-1.5.9\libdc1394-2.2.6-1.5.9-macosx-x86_64.jar;C:\Users\izeco\.m2\repository\org\bytedeco\libdc1394\2.2.6-1.5.9\libdc1394-2.2.6-1.5.9-windows-x86.jar;C:\Users\izeco\.m2\repository\org\bytedeco\libdc1394\2.2.6-1.5.9\libdc1394-2.2.6-1.5.9-windows-x86_64.jar;C:\Users\izeco\.m2\repository\org\bytedeco\libfreenect-platform\0.5.7-1.5.9\libfreenect-platform-0.5.7-1.5.9.jar;C:\Users\izeco\.m2\repository\org\bytedeco\libfreenect\0.5.7-1.5.9\libfreenect-0.5.7-1.5.9-linux-x86.jar;C:\Users\izeco\.m2\repository\org\bytedeco\libfreenect\0.5.7-1.5.9\libfreenect-0.5.7-1.5.9-linux-x86_64.jar;C:\Users\izeco\.m2\repository\org\bytedeco\libfreenect\0.5.7-1.5.9\libfreenect-0.5.7-1.5.9-linux-armhf.jar;C:\Users\izeco\.m2\repository\org\bytedeco\libfreenect\0.5.7-1.5.9\libfreenect-0.5.7-1.5.9-linux-arm64.jar;C:\Users\izeco\.m2\repository\org\bytedeco\libfreenect\0.5.7-1.5.9\libfreenect-0.5.7-1.5.9-linux-ppc64le.jar;C:\Users\izeco\.m2\repository\org\bytedeco\libfreenect\0.5.7-1.5.9\libfreenect-0.5.7-1.5.9-macosx-x86_64.jar;C:\Users\izeco\.m2\repository\org\bytedeco\libfreenect\0.5.7-1.5.9\libfreenect-0.5.7-1.5.9-windows-x86.jar;C:\Users\izeco\.m2\repository\org\bytedeco\libfreenect\0.5.7-1.5.9\libfreenect-0.5.7-1.5.9-windows-x86_64.jar;C:\Users\izeco\.m2\repository\org\bytedeco\libfreenect2-platform\0.2.0-1.5.9\libfreenect2-platform-0.2.0-1.5.9.jar;C:\Users\izeco\.m2\repository\org\bytedeco\libfreenect2\0.2.0-1.5.9\libfreenect2-0.2.0-1.5.9-linux-x86.jar;C:\Users\izeco\.m2\repository\org\bytedeco\libfreenect2\0.2.0-1.5.9\libfreenect2-0.2.0-1.5.9-linux-x86_64.jar;C:\Users\izeco\.m2\repository\org\bytedeco\libfreenect2\0.2.0-1.5.9\libfreenect2-0.2.0-1.5.9-macosx-x86_64.jar;C:\Users\izeco\.m2\repository\org\bytedeco\libfreenect2\0.2.0-1.5.9\libfreenect2-0.2.0-1.5.9-windows-x86_64.jar;C:\Users\izeco\.m2\repository\org\bytedeco\librealsense-platform\1.12.4-1.5.9\librealsense-platform-1.12.4-1.5.9.jar;C:\Users\izeco\.m2\repository\org\bytedeco\librealsense\1.12.4-1.5.9\librealsense-1.12.4-1.5.9-linux-armhf.jar;C:\Users\izeco\.m2\repository\org\bytedeco\librealsense\1.12.4-1.5.9\librealsense-1.12.4-1.5.9-linux-arm64.jar;C:\Users\izeco\.m2\repository\org\bytedeco\librealsense\1.12.4-1.5.9\librealsense-1.12.4-1.5.9-linux-x86.jar;C:\Users\izeco\.m2\repository\org\bytedeco\librealsense\1.12.4-1.5.9\librealsense-1.12.4-1.5.9-linux-x86_64.jar;C:\Users\izeco\.m2\repository\org\bytedeco\librealsense\1.12.4-1.5.9\librealsense-1.12.4-1.5.9-macosx-x86_64.jar;C:\Users\izeco\.m2\repository\org\bytedeco\librealsense\1.12.4-1.5.9\librealsense-1.12.4-1.5.9-windows-x86.jar;C:\Users\izeco\.m2\repository\org\bytedeco\librealsense\1.12.4-1.5.9\librealsense-1.12.4-1.5.9-windows-x86_64.jar;C:\Users\izeco\.m2\repository\org\bytedeco\librealsense2-platform\2.53.1-1.5.9\librealsense2-platform-2.53.1-1.5.9.jar;C:\Users\izeco\.m2\repository\org\bytedeco\librealsense2\2.53.1-1.5.9\librealsense2-2.53.1-1.5.9-linux-armhf.jar;C:\Users\izeco\.m2\repository\org\bytedeco\librealsense2\2.53.1-1.5.9\librealsense2-2.53.1-1.5.9-linux-arm64.jar;C:\Users\izeco\.m2\repository\org\bytedeco\librealsense2\2.53.1-1.5.9\librealsense2-2.53.1-1.5.9-linux-x86.jar;C:\Users\izeco\.m2\repository\org\bytedeco\librealsense2\2.53.1-1.5.9\librealsense2-2.53.1-1.5.9-linux-x86_64.jar;C:\Users\izeco\.m2\repository\org\bytedeco\librealsense2\2.53.1-1.5.9\librealsense2-2.53.1-1.5.9-macosx-x86_64.jar;C:\Users\izeco\.m2\repository\org\bytedeco\librealsense2\2.53.1-1.5.9\librealsense2-2.53.1-1.5.9-windows-x86.jar;C:\Users\izeco\.m2\repository\org\bytedeco\librealsense2\2.53.1-1.5.9\librealsense2-2.53.1-1.5.9-windows-x86_64.jar;C:\Users\izeco\.m2\repository\org\bytedeco\videoinput-platform\0.200-1.5.9\videoinput-platform-0.200-1.5.9.jar;C:\Users\izeco\.m2\repository\org\bytedeco\videoinput\0.200-1.5.9\videoinput-0.200-1.5.9-windows-x86.jar;C:\Users\izeco\.m2\repository\org\bytedeco\videoinput\0.200-1.5.9\videoinput-0.200-1.5.9-windows-x86_64.jar;C:\Users\izeco\.m2\repository\org\bytedeco\artoolkitplus-platform\2.3.1-1.5.9\artoolkitplus-platform-2.3.1-1.5.9.jar;C:\Users\izeco\.m2\repository\org\bytedeco\artoolkitplus\2.3.1-1.5.9\artoolkitplus-2.3.1-1.5.9-android-arm.jar;C:\Users\izeco\.m2\repository\org\bytedeco\artoolkitplus\2.3.1-1.5.9\artoolkitplus-2.3.1-1.5.9-android-arm64.jar;C:\Users\izeco\.m2\repository\org\bytedeco\artoolkitplus\2.3.1-1.5.9\artoolkitplus-2.3.1-1.5.9-android-x86.jar;C:\Users\izeco\.m2\repository\org\bytedeco\artoolkitplus\2.3.1-1.5.9\artoolkitplus-2.3.1-1.5.9-android-x86_64.jar;C:\Users\izeco\.m2\repository\org\bytedeco\artoolkitplus\2.3.1-1.5.9\artoolkitplus-2.3.1-1.5.9-linux-x86.jar;C:\Users\izeco\.m2\repository\org\bytedeco\artoolkitplus\2.3.1-1.5.9\artoolkitplus-2.3.1-1.5.9-linux-x86_64.jar;C:\Users\izeco\.m2\repository\org\bytedeco\artoolkitplus\2.3.1-1.5.9\artoolkitplus-2.3.1-1.5.9-linux-armhf.jar;C:\Users\izeco\.m2\repository\org\bytedeco\artoolkitplus\2.3.1-1.5.9\artoolkitplus-2.3.1-1.5.9-linux-arm64.jar;C:\Users\izeco\.m2\repository\org\bytedeco\artoolkitplus\2.3.1-1.5.9\artoolkitplus-2.3.1-1.5.9-linux-ppc64le.jar;C:\Users\izeco\.m2\repository\org\bytedeco\artoolkitplus\2.3.1-1.5.9\artoolkitplus-2.3.1-1.5.9-macosx-x86_64.jar;C:\Users\izeco\.m2\repository\org\bytedeco\artoolkitplus\2.3.1-1.5.9\artoolkitplus-2.3.1-1.5.9-windows-x86.jar;C:\Users\izeco\.m2\repository\org\bytedeco\artoolkitplus\2.3.1-1.5.9\artoolkitplus-2.3.1-1.5.9-windows-x86_64.jar;C:\Users\izeco\.m2\repository\org\bytedeco\leptonica-platform\1.85.0-1.5.12\leptonica-platform-1.85.0-1.5.12.jar;C:\Users\izeco\.m2\repository\org\bytedeco\leptonica\1.85.0-1.5.12\leptonica-1.85.0-1.5.12-android-arm64.jar;C:\Users\izeco\.m2\repository\org\bytedeco\leptonica\1.85.0-1.5.12\leptonica-1.85.0-1.5.12-android-x86_64.jar;C:\Users\izeco\.m2\repository\org\bytedeco\leptonica\1.85.0-1.5.12\leptonica-1.85.0-1.5.12-linux-x86_64.jar;C:\Users\izeco\.m2\repository\org\bytedeco\leptonica\1.85.0-1.5.12\leptonica-1.85.0-1.5.12-linux-arm64.jar;C:\Users\izeco\.m2\repository\org\bytedeco\leptonica\1.85.0-1.5.12\leptonica-1.85.0-1.5.12-macosx-arm64.jar;C:\Users\izeco\.m2\repository\org\bytedeco\leptonica\1.85.0-1.5.12\leptonica-1.85.0-1.5.12-macosx-x86_64.jar;C:\Users\izeco\.m2\repository\org\bytedeco\leptonica\1.85.0-1.5.12\leptonica-1.85.0-1.5.12-windows-x86_64.jar;C:\Users\izeco\.m2\repository\org\bytedeco\tesseract-platform\5.5.1-1.5.12\tesseract-platform-5.5.1-1.5.12.jar;C:\Users\izeco\.m2\repository\org\bytedeco\tesseract\5.5.1-1.5.12\tesseract-5.5.1-1.5.12-android-arm64.jar;C:\Users\izeco\.m2\repository\org\bytedeco\tesseract\5.5.1-1.5.12\tesseract-5.5.1-1.5.12-android-x86_64.jar;C:\Users\izeco\.m2\repository\org\bytedeco\tesseract\5.5.1-1.5.12\tesseract-5.5.1-1.5.12-linux-x86_64.jar;C:\Users\izeco\.m2\repository\org\bytedeco\tesseract\5.5.1-1.5.12\tesseract-5.5.1-1.5.12-linux-arm64.jar;C:\Users\izeco\.m2\repository\org\bytedeco\tesseract\5.5.1-1.5.12\tesseract-5.5.1-1.5.12-macosx-arm64.jar;C:\Users\izeco\.m2\repository\org\bytedeco\tesseract\5.5.1-1.5.12\tesseract-5.5.1-1.5.12-macosx-x86_64.jar;C:\Users\izeco\.m2\repository\org\bytedeco\tesseract\5.5.1-1.5.12\tesseract-5.5.1-1.5.12-windows-x86_64.jar;C:\Users\izeco\.m2\repository\org\junit\jupiter\junit-jupiter\5.10.0\junit-jupiter-5.10.0.jar;C:\Users\izeco\.m2\repository\org\junit\jupiter\junit-jupiter-api\5.10.0\junit-jupiter-api-5.10.0.jar;C:\Users\izeco\.m2\repository\org\opentest4j\opentest4j\1.3.0\opentest4j-1.3.0.jar;C:\Users\izeco\.m2\repository\org\junit\platform\junit-platform-commons\1.10.0\junit-platform-commons-1.10.0.jar;C:\Users\izeco\.m2\repository\org\apiguardian\apiguardian-api\1.1.2\apiguardian-api-1.1.2.jar;C:\Users\izeco\.m2\repository\org\junit\jupiter\junit-jupiter-params\5.10.0\junit-jupiter-params-5.10.0.jar;C:\Users\izeco\.m2\repository\org\junit\jupiter\junit-jupiter-engine\5.10.0\junit-jupiter-engine-5.10.0.jar;C:\Users\izeco\.m2\repository\org\junit\platform\junit-platform-engine\1.10.0\junit-platform-engine-1.10.0.jar;"/>
    <property name="sun.cpu.endian" value="little"/>
    <property name="user.home" value="C:\Users\izeco"/>
    <property name="user.language" value="en"/>
    <property name="java.specification.vendor" value="Oracle Corporation"/>
    <property name="java.version.date" value="2024-10-15"/>
    <property name="java.home" value="C:\Program Files\Java\jdk-23"/>
    <property name="file.separator" value="\"/>
    <property name="basedir" value="C:\Users\izeco\OneDrive\Desktop\SDEV 334\centroid-finder\centroid-finder"/>
    <property name="java.vm.compressedOopsMode" value="Zero based"/>
    <property name="line.separator" value="&#10;"/>
    <property name="java.vm.specification.vendor" value="Oracle Corporation"/>
    <property name="java.specification.name" value="Java Platform API Specification"/>
    <property name="surefire.real.class.path" value="C:\Users\izeco\AppData\Local\Temp\surefire16027488734751241895\surefirebooter-20251029223335179_3.jar"/>
    <property name="user.script" value=""/>
    <property name="sun.management.compiler" value="HotSpot 64-Bit Tiered Compilers"/>
    <property name="java.runtime.version" value="23.0.1+11-39"/>
    <property name="user.name" value="izeco"/>
    <property name="stdout.encoding" value="Cp1252"/>
    <property name="path.separator" value=";"/>
    <property name="os.version" value="10.0"/>
    <property name="java.runtime.name" value="Java(TM) SE Runtime Environment"/>
    <property name="file.encoding" value="UTF-8"/>
    <property name="java.vm.name" value="Java HotSpot(TM) 64-Bit Server VM"/>
    <property name="localRepository" value="C:\Users\izeco\.m2\repository"/>
    <property name="java.vendor.url.bug" value="https://bugreport.java.com/bugreport/"/>
    <property name="java.io.tmpdir" value="C:\Users\izeco\AppData\Local\Temp\"/>
    <property name="java.version" value="23.0.1"/>
    <property name="user.dir" value="C:\Users\izeco\OneDrive\Desktop\SDEV 334\centroid-finder\centroid-finder"/>
    <property name="os.arch" value="amd64"/>
    <property name="java.vm.specification.name" value="Java Virtual Machine Specification"/>
    <property name="sun.os.patch.level" value=""/>
    <property name="native.encoding" value="Cp1252"/>
    <property name="java.library.path" value="C:\Program Files\Java\jdk-23\bin;C:\WINDOWS\Sun\Java\bin;C:\WINDOWS\system32;C:\WINDOWS;C:\Users\izeco\bin;C:\Users\izeco\tools\jdk-24.0.1\bin;C:\Users\izeco\bin;C:\Program Files\Git\mingw64\bin;C:\Program Files\Git\usr\local\bin;C:\Program Files\Git\usr\bin;C:\Program Files\Git\usr\bin;C:\Program Files\Git\mingw64\bin;C:\Program Files\Git\usr\bin;C:\Users\izeco\bin;C:\Program Files\Common Files\Oracle\Java\javapath;C:\Windows\system32;C:\Windows;C:\Windows\System32\Wbem;C:\Windows\System32\WindowsPowerShell\v1.0;C:\Windows\System32\OpenSSH;C:\Program Files (x86)\NVIDIA Corporation\PhysX\Common;C:\Program Files\NVIDIA Corporation\NVIDIA NvDLISR;C:\WINDOWS\system32;C:\WINDOWS;C:\WINDOWS\System32\Wbem;C:\WINDOWS\System32\WindowsPowerShell\v1.0;C:\WINDOWS\System32\OpenSSH;C:\Program Files\nodejs;C:\Program Files\Git\cmd;C:\Program Files\Docker\Docker\resources\bin;C:\Program Files\dotnet;C:\Users\izeco\tools\jdk-24.0.1\bin;C:\Program Files\apache-maven-3.9.11\bin;C:\Users\izeco\AppData\Local\Microsoft\WindowsApps;C:\Users\izeco\AppData\Local\Programs\Microsoft VS Code\bin;C:\Users\izeco\AppData\Roaming\npm;C:\Users\izeco\.dotnet\tools;C:\Users\izeco\AppData\Local\GitHubDesktop\bin;C:\Users\izeco\tools\jdk-24.0.1\bin;C:\Users\izeco\tools\jdk-23\bin;C:\Program Files\apache-maven-3.9.11\bin;C:\Users\izeco\tools\jdk-23\bin;C:\Program Files\Java\jdk-23\bin;C:\Program Files\Java\jdk-23\bin;C:\Program Files\apache-maven-3.9.11\bin;C:\Users\izeco\tools\jdk-24.0.1\bin;C:\Users\izeco\AppData\Local\Microsoft\WindowsApps;C:\Users\izeco\AppData\Local\Programs\Microsoft VS Code\bin;C:\Users\izeco\AppData\Roaming\npm;C:\Users\izeco\.dotnet\tools;C:\Users\izeco\AppData\Local\GitHubDesktop\bin;C:\Users\izeco\AppData\Roaming\Code\User\globalStorage\github.copilot-chat\debugCommand;C:\Program Files\Git\usr\bin\vendor_perl;C:\Program Files\Git\usr\bin\core_perl;."/>
    <property name="java.vm.info" value="mixed mode, sharing"/>
    <property name="stderr.encoding" value="Cp1252"/>
    <property name="java.vendor" value="Oracle Corporation"/>
    <property name="java.vm.version" value="23.0.1+11-39"/>
    <property name="sun.io.unicode.encoding" value="UnicodeLittle"/>
    <property name="java.class.version" value="67.0"/>
  </properties>
  <testcase name="shouldCreateFileWithHeader" classname="io.github.xavierb117.centroidfinder.VideoResultWriterTest" time="0.054"/>
  <testcase name="shouldWriteSingleLineAfterHeader" classname="io.github.xavierb117.centroidfinder.VideoResultWriterTest" time="0.005"/>
  <testcase name="shouldWriteMultipleLinesAfterHeader" classname="io.github.xavierb117.centroidfinder.VideoResultWriterTest" time="0.002"/>
</testsuite>